<?xml version="1.0" encoding="UTF-8"?>
<testsuites name="Validate OHRM Navigation_TestSuite" time="52.18" tests="2" failures="0" errors="0">
   <testsuite name="Validate OHRM Navigation_TestSuite" tests="2" failures="0" errors="0" time="52.18" skipped="0" timestamp="07-02-2024T00:39:14" hostname="Shahbaaz - DESKTOP-69BDL2N" id="Test Suites/Built in Keywords/Validate OHRM Navigation_TestSuite">
      <properties>
         <property name="deviceName" value=""/>
         <property name="devicePlatform" value=""/>
         <property name="logFolder" value="C:\\Users\\Shahbaaz\\git\\SI-GuidedProject-705570-1704892459\\Reports\\20240207_003911\\Built in Keywords\\Validate OHRM Navigation_TestSuite\\20240207_003912"/>
         <property name="logFiles" value="C:\\Users\\Shahbaaz\\git\\SI-GuidedProject-705570-1704892459\\Reports\\20240207_003911\\Built in Keywords\\Validate OHRM Navigation_TestSuite\\20240207_003912\\execution0.log"/>
         <property name="attachments" value=""/>
         <property name="hostName" value="Shahbaaz - DESKTOP-69BDL2N"/>
         <property name="os" value="Windows 10 64bit"/>
         <property name="katalonVersion" value="9.2.0.212"/>
         <property name="browser" value="Chrome 121.0.0.0"/>
         <property name="hostAddress" value="192.168.29.167"/>
         <property name="sessionId" value="0709281c43b347bd7e8c1423c559e629"/>
         <property name="seleniumVersion" value="3.141.59"/>
         <property name="proxyInformation" value="ProxyInformation { proxyOption=NO_PROXY, proxyServerType=HTTP, username=, password=********, proxyServerAddress=, proxyServerPort=0, executionList=&quot;&quot;, isApplyToDesiredCapabilities=true }"/>
         <property name="platform" value="Windows 10"/>
      </properties>
      <testcase name="Test Cases/Built In Keywords/TC_Validate OHRM Navigation_001" time="26.065" classname="Test Cases/Built In Keywords/TC_Validate OHRM Navigation_001" status="PASSED">
         <system-out><![CDATA[07-02-2024T00:39:16 - [TEST_CASE][PASSED] - Test Cases/Built In Keywords/TC_Validate OHRM Navigation_001: Test Cases/Built In Keywords/TC_Validate OHRM Navigation_001

07-02-2024T00:39:16 - [TEST_STEP][PASSED] - Start listener action : sampleBeforeTestCase: Navigate to 'https://opensource-demo.orangehrmlive.com/' successfully

07-02-2024T00:39:16 - [TEST_STEP][PASSED] - navigateToUrl(URL): Navigate to 'https://opensource-demo.orangehrmlive.com/' successfully

07-02-2024T00:39:19 - [MESSAGE][PASSED] - Navigate to 'https://opensource-demo.orangehrmlive.com/' successfully

07-02-2024T00:39:19 - [TEST_STEP][PASSED] - callTestCase(findTestCase("Local and Global Variables/TC_Validate OHRM Login_Login Success_001"), ["url":"", "username":"", "password":""], CONTINUE_ON_FAILURE): Call Test Case 'Test Cases/Local and Global Variables/TC_Validate OHRM Login_Login Success_001' successfully

07-02-2024T00:39:19 - [TEST_CASE][PASSED] - Test Cases/Local and Global Variables/TC_Validate OHRM Login_Login Success_001: Test Cases/Local and Global Variables/TC_Validate OHRM Login_Login Success_001

07-02-2024T00:39:19 - [TEST_STEP][PASSED] - comment("To test for successful Login"): To test for successful Login

07-02-2024T00:39:19 - [MESSAGE][INFO] - To test for successful Login

07-02-2024T00:39:19 - [TEST_STEP][PASSED] - setText(findTestObject("OrangeHRM_OR/Page_OHRM_Login/input_Username_username"), Username): Text 'Admin' is set on object 'Object Repository/OrangeHRM_OR/Page_OHRM_Login/input_Username_username'

07-02-2024T00:39:20 - [MESSAGE][PASSED] - Text 'Admin' is set on object 'Object Repository/OrangeHRM_OR/Page_OHRM_Login/input_Username_username'

07-02-2024T00:39:20 - [TEST_STEP][PASSED] - setText(findTestObject("OrangeHRM_OR/Page_OHRM_Login/input_Password_password"), Password): Text 'admin123' is set on object 'Object Repository/OrangeHRM_OR/Page_OHRM_Login/input_Password_password'

07-02-2024T00:39:21 - [MESSAGE][PASSED] - Text 'admin123' is set on object 'Object Repository/OrangeHRM_OR/Page_OHRM_Login/input_Password_password'

07-02-2024T00:39:21 - [TEST_STEP][PASSED] - click(findTestObject("OrangeHRM_OR/Page_OHRM_Login/button_Login")): Object: 'Object Repository/OrangeHRM_OR/Page_OHRM_Login/button_Login' is clicked on

07-02-2024T00:39:21 - [MESSAGE][PASSED] - Object: 'Object Repository/OrangeHRM_OR/Page_OHRM_Login/button_Login' is clicked on

07-02-2024T00:39:21 - [TEST_STEP][PASSED] - verifyElementVisible(findTestObject("OrangeHRM_OR/Page_OHRM_Dashboard/h6_Dashboard")): Object 'Object Repository/OrangeHRM_OR/Page_OHRM_Dashboard/h6_Dashboard' is visible

07-02-2024T00:39:23 - [MESSAGE][PASSED] - Object 'Object Repository/OrangeHRM_OR/Page_OHRM_Dashboard/h6_Dashboard' is visible

07-02-2024T00:39:23 - [MESSAGE][PASSED] - Call Test Case 'Test Cases/Local and Global Variables/TC_Validate OHRM Login_Login Success_001' successfully

07-02-2024T00:39:23 - [TEST_STEP][PASSED] - click(findTestObject("OrangeHRM_OR/Page_OHRM_Admin/a_Admin_navigation_link")): Object: 'Object Repository/OrangeHRM_OR/Page_OHRM_Admin/a_Admin_navigation_link' is clicked on

07-02-2024T00:39:25 - [MESSAGE][PASSED] - Object: 'Object Repository/OrangeHRM_OR/Page_OHRM_Admin/a_Admin_navigation_link' is clicked on

07-02-2024T00:39:25 - [TEST_STEP][PASSED] - verifyElementVisible(findTestObject("OrangeHRM_OR/Page_OHRM_Dashboard/h6_Admin")): Object 'Object Repository/OrangeHRM_OR/Page_OHRM_Dashboard/h6_Admin' is visible

07-02-2024T00:39:26 - [MESSAGE][PASSED] - Object 'Object Repository/OrangeHRM_OR/Page_OHRM_Dashboard/h6_Admin' is visible

07-02-2024T00:39:26 - [TEST_STEP][PASSED] - delay(2): Delayed 2 second(s)

07-02-2024T00:39:28 - [MESSAGE][PASSED] - Delayed 2 second(s)

07-02-2024T00:39:28 - [TEST_STEP][PASSED] - click(findTestObject("OrangeHRM_OR/Page_OHRM_PIM/a_PIM")): Object: 'Object Repository/OrangeHRM_OR/Page_OHRM_PIM/a_PIM' is clicked on

07-02-2024T00:39:29 - [MESSAGE][PASSED] - Object: 'Object Repository/OrangeHRM_OR/Page_OHRM_PIM/a_PIM' is clicked on

07-02-2024T00:39:29 - [TEST_STEP][PASSED] - waitForElementPresent(findTestObject("OrangeHRM_OR/Page_OHRM_Dashboard/h6_PIM"), 2): Object 'Object Repository/OrangeHRM_OR/Page_OHRM_Dashboard/h6_PIM' is present

07-02-2024T00:39:30 - [MESSAGE][PASSED] - Object 'Object Repository/OrangeHRM_OR/Page_OHRM_Dashboard/h6_PIM' is present

07-02-2024T00:39:30 - [TEST_STEP][PASSED] - delay(2): Delayed 2 second(s)

07-02-2024T00:39:32 - [MESSAGE][PASSED] - Delayed 2 second(s)

07-02-2024T00:39:32 - [TEST_STEP][PASSED] - back(): Navigate back successfully

07-02-2024T00:39:32 - [MESSAGE][PASSED] - Navigate back successfully

07-02-2024T00:39:32 - [TEST_STEP][PASSED] - verifyElementPresent(findTestObject("OrangeHRM_OR/Page_OHRM_Dashboard/h6_Admin"), 0): Object 'Object Repository/OrangeHRM_OR/Page_OHRM_Dashboard/h6_Admin' is present

07-02-2024T00:39:32 - [MESSAGE][WARNING] - Timeout '0' is invalid. Using default page load timeout: '30'

07-02-2024T00:39:33 - [MESSAGE][PASSED] - Object 'Object Repository/OrangeHRM_OR/Page_OHRM_Dashboard/h6_Admin' is present

07-02-2024T00:39:33 - [TEST_STEP][PASSED] - delay(2): Delayed 2 second(s)

07-02-2024T00:39:35 - [MESSAGE][PASSED] - Delayed 2 second(s)

07-02-2024T00:39:35 - [TEST_STEP][PASSED] - forward(): Navigate forward successfully

07-02-2024T00:39:35 - [MESSAGE][PASSED] - Navigate forward successfully

07-02-2024T00:39:35 - [TEST_STEP][PASSED] - verifyElementText(findTestObject("OrangeHRM_OR/Page_OHRM_Dashboard/h6_PIM"), "PIM"): Actual text and expected text of test object 'Object Repository/OrangeHRM_OR/Page_OHRM_Dashboard/h6_PIM' are matched.

07-02-2024T00:39:35 - [MESSAGE][PASSED] - Actual text and expected text of test object 'Object Repository/OrangeHRM_OR/Page_OHRM_Dashboard/h6_PIM' are matched.

07-02-2024T00:39:35 - [TEST_STEP][PASSED] - out.println(getWindowIndex()): Current window's index is: 0

07-02-2024T00:39:35 - [MESSAGE][PASSED] - Current window's index is: 0

07-02-2024T00:39:35 - [TEST_STEP][PASSED] - out.println(getWindowTitle()): Current window's title is: 'OrangeHRM'

07-02-2024T00:39:35 - [MESSAGE][PASSED] - Current window's title is: 'OrangeHRM'

07-02-2024T00:39:35 - [TEST_STEP][PASSED] - delay(2): Delayed 2 second(s)

07-02-2024T00:39:37 - [MESSAGE][PASSED] - Delayed 2 second(s)

07-02-2024T00:39:37 - [TEST_STEP][PASSED] - click(findTestObject("OrangeHRM_OR/Page_OHRM_Dashboard/a_Time")): Object: 'Object Repository/OrangeHRM_OR/Page_OHRM_Dashboard/a_Time' is clicked on

07-02-2024T00:39:38 - [MESSAGE][PASSED] - Object: 'Object Repository/OrangeHRM_OR/Page_OHRM_Dashboard/a_Time' is clicked on

07-02-2024T00:39:38 - [TEST_STEP][PASSED] - verifyTextNotPresent("Admin / User Management", false): Text 'Admin / User Management' is not present on page

07-02-2024T00:39:38 - [MESSAGE][PASSED] - Text 'Admin / User Management' is not present on page

07-02-2024T00:39:38 - [TEST_STEP][PASSED] - delay(2): Delayed 2 second(s)

07-02-2024T00:39:40 - [MESSAGE][PASSED] - Delayed 2 second(s)

07-02-2024T00:39:40 - [TEST_STEP][PASSED] - Start listener action : sampleAfterTestCase: null

07-02-2024T00:39:40 - [TEST_STEP][PASSED] - if (verifyElementVisible(findTestObject("Object Repository/OrangeHRM_OR/Page_OHRM_Dashboard/span_profile_button"), OPTIONAL)): null

07-02-2024T00:39:40 - [MESSAGE][PASSED] - Object 'Object Repository/OrangeHRM_OR/Page_OHRM_Dashboard/span_profile_button' is visible

07-02-2024T00:39:40 - [TEST_STEP][PASSED] - click(findTestObject("Object Repository/OrangeHRM_OR/Page_OHRM_Dashboard/span_profile_button")): Object: 'Object Repository/OrangeHRM_OR/Page_OHRM_Dashboard/span_profile_button' is clicked on

07-02-2024T00:39:41 - [MESSAGE][PASSED] - Object: 'Object Repository/OrangeHRM_OR/Page_OHRM_Dashboard/span_profile_button' is clicked on

07-02-2024T00:39:41 - [TEST_STEP][PASSED] - click(findTestObject("Object Repository/OrangeHRM_OR/Page_OHRM_Dashboard/a_Logout")): Object: 'Object Repository/OrangeHRM_OR/Page_OHRM_Dashboard/a_Logout' is clicked on

07-02-2024T00:39:42 - [MESSAGE][PASSED] - Object: 'Object Repository/OrangeHRM_OR/Page_OHRM_Dashboard/a_Logout' is clicked on]]></system-out>
         <system-err><![CDATA[]]></system-err>
      </testcase>
      <testcase name="Test Cases/Checkpoints/TC_Validate OHRM Recruitment_shortlist Candidate application_002" time="24.781" classname="Test Cases/Checkpoints/TC_Validate OHRM Recruitment_shortlist Candidate application_002" status="PASSED">
         <system-out><![CDATA[07-02-2024T00:39:42 - [TEST_CASE][PASSED] - Test Cases/Checkpoints/TC_Validate OHRM Recruitment_shortlist Candidate application_002: Test Cases/Checkpoints/TC_Validate OHRM Recruitment_shortlist Candidate application_002

07-02-2024T00:39:42 - [TEST_STEP][PASSED] - Start listener action : sampleBeforeTestCase: Navigate to 'https://opensource-demo.orangehrmlive.com/' successfully

07-02-2024T00:39:42 - [TEST_STEP][PASSED] - navigateToUrl(URL): Navigate to 'https://opensource-demo.orangehrmlive.com/' successfully

07-02-2024T00:39:42 - [MESSAGE][PASSED] - Navigate to 'https://opensource-demo.orangehrmlive.com/' successfully

07-02-2024T00:39:42 - [TEST_STEP][PASSED] - callTestCase(findTestCase("Local and Global Variables/TC_Validate OHRM Login_Login Success_001"), ["url":"", "username":"", "password":""], CONTINUE_ON_FAILURE): Call Test Case 'Test Cases/Local and Global Variables/TC_Validate OHRM Login_Login Success_001' successfully

07-02-2024T00:39:42 - [TEST_CASE][PASSED] - Test Cases/Local and Global Variables/TC_Validate OHRM Login_Login Success_001: Test Cases/Local and Global Variables/TC_Validate OHRM Login_Login Success_001

07-02-2024T00:39:42 - [TEST_STEP][PASSED] - comment("To test for successful Login"): To test for successful Login

07-02-2024T00:39:42 - [MESSAGE][INFO] - To test for successful Login

07-02-2024T00:39:42 - [TEST_STEP][PASSED] - setText(findTestObject("OrangeHRM_OR/Page_OHRM_Login/input_Username_username"), Username): Text 'Admin' is set on object 'Object Repository/OrangeHRM_OR/Page_OHRM_Login/input_Username_username'

07-02-2024T00:39:43 - [MESSAGE][PASSED] - Text 'Admin' is set on object 'Object Repository/OrangeHRM_OR/Page_OHRM_Login/input_Username_username'

07-02-2024T00:39:43 - [TEST_STEP][PASSED] - setText(findTestObject("OrangeHRM_OR/Page_OHRM_Login/input_Password_password"), Password): Text 'admin123' is set on object 'Object Repository/OrangeHRM_OR/Page_OHRM_Login/input_Password_password'

07-02-2024T00:39:44 - [MESSAGE][PASSED] - Text 'admin123' is set on object 'Object Repository/OrangeHRM_OR/Page_OHRM_Login/input_Password_password'

07-02-2024T00:39:44 - [TEST_STEP][PASSED] - click(findTestObject("OrangeHRM_OR/Page_OHRM_Login/button_Login")): Object: 'Object Repository/OrangeHRM_OR/Page_OHRM_Login/button_Login' is clicked on

07-02-2024T00:39:44 - [MESSAGE][PASSED] - Object: 'Object Repository/OrangeHRM_OR/Page_OHRM_Login/button_Login' is clicked on

07-02-2024T00:39:44 - [TEST_STEP][PASSED] - verifyElementVisible(findTestObject("OrangeHRM_OR/Page_OHRM_Dashboard/h6_Dashboard")): Object 'Object Repository/OrangeHRM_OR/Page_OHRM_Dashboard/h6_Dashboard' is visible

07-02-2024T00:39:47 - [MESSAGE][PASSED] - Object 'Object Repository/OrangeHRM_OR/Page_OHRM_Dashboard/h6_Dashboard' is visible

07-02-2024T00:39:47 - [MESSAGE][PASSED] - Call Test Case 'Test Cases/Local and Global Variables/TC_Validate OHRM Login_Login Success_001' successfully

07-02-2024T00:39:47 - [TEST_STEP][PASSED] - click(findTestObject("OrangeHRM_OR/Page_OHRM_Recruitment/a_Recruitment_navigation_link")): Object: 'Object Repository/OrangeHRM_OR/Page_OHRM_Recruitment/a_Recruitment_navigation_link' is clicked on

07-02-2024T00:39:48 - [MESSAGE][PASSED] - Object: 'Object Repository/OrangeHRM_OR/Page_OHRM_Recruitment/a_Recruitment_navigation_link' is clicked on

07-02-2024T00:39:48 - [TEST_STEP][PASSED] - setText(findTestObject("OrangeHRM_OR/Page_OHRM_Recruitment/input_candidate_name"), "SuryaT"): Text 'SuryaT' is set on object 'Object Repository/OrangeHRM_OR/Page_OHRM_Recruitment/input_candidate_name'

07-02-2024T00:39:50 - [MESSAGE][PASSED] - Text 'SuryaT' is set on object 'Object Repository/OrangeHRM_OR/Page_OHRM_Recruitment/input_candidate_name'

07-02-2024T00:39:50 - [TEST_STEP][PASSED] - delay(5): Delayed 5 second(s)

07-02-2024T00:39:55 - [MESSAGE][PASSED] - Delayed 5 second(s)

07-02-2024T00:39:55 - [TEST_STEP][PASSED] - click(findTestObject("OrangeHRM_OR/Page_OHRM_Recruitment/div_option_candidate_name")): Object: 'Object Repository/OrangeHRM_OR/Page_OHRM_Recruitment/div_option_candidate_name' is clicked on

07-02-2024T00:39:55 - [MESSAGE][PASSED] - Object: 'Object Repository/OrangeHRM_OR/Page_OHRM_Recruitment/div_option_candidate_name' is clicked on

07-02-2024T00:39:55 - [TEST_STEP][PASSED] - click(findTestObject("OrangeHRM_OR/Page_OHRM_Recruitment/button_Search")): Object: 'Object Repository/OrangeHRM_OR/Page_OHRM_Recruitment/button_Search' is clicked on

07-02-2024T00:39:56 - [MESSAGE][PASSED] - Object: 'Object Repository/OrangeHRM_OR/Page_OHRM_Recruitment/button_Search' is clicked on

07-02-2024T00:39:56 - [TEST_STEP][PASSED] - click(findTestObject("OrangeHRM_OR/Page_OHRM_Recruitment/Page_OHRM_Recruitment_Candidate/button_view Profile")): Object: 'Object Repository/OrangeHRM_OR/Page_OHRM_Recruitment/Page_OHRM_Recruitment_Candidate/button_view Profile' is clicked on

07-02-2024T00:39:57 - [MESSAGE][PASSED] - Object: 'Object Repository/OrangeHRM_OR/Page_OHRM_Recruitment/Page_OHRM_Recruitment_Candidate/button_view Profile' is clicked on

07-02-2024T00:39:57 - [TEST_STEP][PASSED] - click(findTestObject("OrangeHRM_OR/Page_OHRM_Recruitment/Page_OHRM_Recruitment_Candidate/button_Shortlist")): Object: 'Object Repository/OrangeHRM_OR/Page_OHRM_Recruitment/Page_OHRM_Recruitment_Candidate/button_Shortlist' is clicked on

07-02-2024T00:39:59 - [MESSAGE][PASSED] - Object: 'Object Repository/OrangeHRM_OR/Page_OHRM_Recruitment/Page_OHRM_Recruitment_Candidate/button_Shortlist' is clicked on

07-02-2024T00:39:59 - [TEST_STEP][PASSED] - click(findTestObject("OrangeHRM_OR/Page_OHRM_Recruitment/Page_OHRM_Recruitment_Candidate/button_Save")): Object: 'Object Repository/OrangeHRM_OR/Page_OHRM_Recruitment/Page_OHRM_Recruitment_Candidate/button_Save' is clicked on

07-02-2024T00:40:00 - [MESSAGE][PASSED] - Object: 'Object Repository/OrangeHRM_OR/Page_OHRM_Recruitment/Page_OHRM_Recruitment_Candidate/button_Save' is clicked on

07-02-2024T00:40:00 - [TEST_STEP][PASSED] - delay(1): Delayed 1 second(s)

07-02-2024T00:40:01 - [MESSAGE][PASSED] - Delayed 1 second(s)

07-02-2024T00:40:01 - [TEST_STEP][PASSED] - verifyElementVisible(findTestObject("OrangeHRM_OR/Page_OHRM_Recruitment/Page_OHRM_Recruitment_Candidate/div_Successfully Updated_popup_message")): Object 'Object Repository/OrangeHRM_OR/Page_OHRM_Recruitment/Page_OHRM_Recruitment_Candidate/div_Successfully Updated_popup_message' is visible

07-02-2024T00:40:01 - [MESSAGE][PASSED] - Object 'Object Repository/OrangeHRM_OR/Page_OHRM_Recruitment/Page_OHRM_Recruitment_Candidate/div_Successfully Updated_popup_message' is visible

07-02-2024T00:40:01 - [TEST_STEP][PASSED] - verifyElementVisible(findTestObject("OrangeHRM_OR/Page_OHRM_Recruitment/Page_OHRM_Recruitment_Candidate/p_Status Shortlisted")): Object 'Object Repository/OrangeHRM_OR/Page_OHRM_Recruitment/Page_OHRM_Recruitment_Candidate/p_Status Shortlisted' is visible

07-02-2024T00:40:05 - [MESSAGE][PASSED] - Object 'Object Repository/OrangeHRM_OR/Page_OHRM_Recruitment/Page_OHRM_Recruitment_Candidate/p_Status Shortlisted' is visible

07-02-2024T00:40:05 - [TEST_STEP][PASSED] - verifyCheckpoint(findCheckpoint("Checkpoints/Candidate_Shortlisted_Checkpoint"), false): Checkpoint data and Source data are matched

07-02-2024T00:40:05 - [MESSAGE][PASSED] - Checkpoint data and Source data are matched

07-02-2024T00:40:05 - [TEST_STEP][PASSED] - Start listener action : sampleAfterTestCase: null

07-02-2024T00:40:05 - [TEST_STEP][PASSED] - if (verifyElementVisible(findTestObject("Object Repository/OrangeHRM_OR/Page_OHRM_Dashboard/span_profile_button"), OPTIONAL)): null

07-02-2024T00:40:05 - [MESSAGE][PASSED] - Object 'Object Repository/OrangeHRM_OR/Page_OHRM_Dashboard/span_profile_button' is visible

07-02-2024T00:40:05 - [TEST_STEP][PASSED] - click(findTestObject("Object Repository/OrangeHRM_OR/Page_OHRM_Dashboard/span_profile_button")): Object: 'Object Repository/OrangeHRM_OR/Page_OHRM_Dashboard/span_profile_button' is clicked on

07-02-2024T00:40:05 - [MESSAGE][PASSED] - Object: 'Object Repository/OrangeHRM_OR/Page_OHRM_Dashboard/span_profile_button' is clicked on

07-02-2024T00:40:05 - [TEST_STEP][PASSED] - click(findTestObject("Object Repository/OrangeHRM_OR/Page_OHRM_Dashboard/a_Logout")): Object: 'Object Repository/OrangeHRM_OR/Page_OHRM_Dashboard/a_Logout' is clicked on

07-02-2024T00:40:07 - [MESSAGE][PASSED] - Object: 'Object Repository/OrangeHRM_OR/Page_OHRM_Dashboard/a_Logout' is clicked on]]></system-out>
         <system-err><![CDATA[]]></system-err>
      </testcase>
      <system-out><![CDATA[07-02-2024T00:39:14 - [TEST_SUITE][PASSED] - Validate OHRM Navigation_TestSuite: Test Cases/Checkpoints/TC_Validate OHRM Recruitment_shortlist Candidate application_002]]></system-out>
      <system-err><![CDATA[]]></system-err>
   </testsuite>
</testsuites>
