<?xml version="1.0" encoding="UTF-8"?>
<testsuites name="Validate OHRM Navigation_TestSuite" time="30.679" tests="1" failures="0" errors="0">
   <testsuite name="Validate OHRM Navigation_TestSuite" tests="1" failures="0" errors="0" time="30.679" skipped="0" timestamp="07-02-2024T00:57:39" hostname="Shahbaaz - DESKTOP-69BDL2N" id="Test Suites/Built in Keywords/Validate OHRM Navigation_TestSuite">
      <properties>
         <property name="deviceName" value=""/>
         <property name="devicePlatform" value=""/>
         <property name="logFolder" value="C:\\Users\\Shahbaaz\\git\\SI-GuidedProject-705570-1704892459\\Reports\\20240207_005730\\Built in Keywords\\Validate OHRM Navigation_TestSuite\\20240207_005735"/>
         <property name="logFiles" value="C:\\Users\\Shahbaaz\\git\\SI-GuidedProject-705570-1704892459\\Reports\\20240207_005730\\Built in Keywords\\Validate OHRM Navigation_TestSuite\\20240207_005735\\execution0.log"/>
         <property name="attachments" value=""/>
         <property name="hostName" value="Shahbaaz - DESKTOP-69BDL2N"/>
         <property name="os" value="Windows 10 64bit"/>
         <property name="katalonVersion" value="9.2.0.212"/>
         <property name="browser" value="Chrome 121.0.0.0"/>
         <property name="hostAddress" value="192.168.29.167"/>
         <property name="sessionId" value="3555660f422e2015c8a335a77df6cbba"/>
         <property name="seleniumVersion" value="3.141.59"/>
         <property name="proxyInformation" value="ProxyInformation { proxyOption=NO_PROXY, proxyServerType=HTTP, username=, password=********, proxyServerAddress=, proxyServerPort=0, executionList=&quot;&quot;, isApplyToDesiredCapabilities=true }"/>
         <property name="platform" value="Windows 10"/>
      </properties>
      <testcase name="Test Cases/Built In Keywords/TC_Validate OHRM Navigation_001" time="29.169" classname="Test Cases/Built In Keywords/TC_Validate OHRM Navigation_001" status="PASSED">
         <system-out><![CDATA[07-02-2024T00:57:41 - [TEST_CASE][PASSED] - Test Cases/Built In Keywords/TC_Validate OHRM Navigation_001: Test Cases/Built In Keywords/TC_Validate OHRM Navigation_001

07-02-2024T00:57:41 - [TEST_STEP][PASSED] - Start listener action : sampleBeforeTestCase: Navigate to 'https://opensource-demo.orangehrmlive.com/' successfully

07-02-2024T00:57:41 - [TEST_STEP][PASSED] - navigateToUrl(URL): Navigate to 'https://opensource-demo.orangehrmlive.com/' successfully

07-02-2024T00:57:43 - [MESSAGE][PASSED] - Navigate to 'https://opensource-demo.orangehrmlive.com/' successfully

07-02-2024T00:57:44 - [TEST_STEP][PASSED] - callTestCase(findTestCase("Jenkins Integration/TC_Validate OHRM Login_Login Success_001"), ["url":"", "username":"", "password":""], CONTINUE_ON_FAILURE): Call Test Case 'Test Cases/Jenkins Integration/TC_Validate OHRM Login_Login Success_001' successfully

07-02-2024T00:57:44 - [TEST_CASE][PASSED] - Test Cases/Jenkins Integration/TC_Validate OHRM Login_Login Success_001: Test Cases/Jenkins Integration/TC_Validate OHRM Login_Login Success_001

07-02-2024T00:57:44 - [TEST_STEP][PASSED] - comment("To test for successful Login"): To test for successful Login

07-02-2024T00:57:44 - [MESSAGE][INFO] - To test for successful Login

07-02-2024T00:57:44 - [TEST_STEP][PASSED] - setText(findTestObject("OrangeHRM_OR/Page_OHRM_Login/input_Username_username"), Username): Text 'Admin' is set on object 'Object Repository/OrangeHRM_OR/Page_OHRM_Login/input_Username_username'

07-02-2024T00:57:45 - [MESSAGE][PASSED] - Text 'Admin' is set on object 'Object Repository/OrangeHRM_OR/Page_OHRM_Login/input_Username_username'

07-02-2024T00:57:45 - [TEST_STEP][PASSED] - setText(findTestObject("OrangeHRM_OR/Page_OHRM_Login/input_Password_password"), Password): Text 'admin123' is set on object 'Object Repository/OrangeHRM_OR/Page_OHRM_Login/input_Password_password'

07-02-2024T00:57:45 - [MESSAGE][PASSED] - Text 'admin123' is set on object 'Object Repository/OrangeHRM_OR/Page_OHRM_Login/input_Password_password'

07-02-2024T00:57:45 - [TEST_STEP][PASSED] - click(findTestObject("OrangeHRM_OR/Page_OHRM_Login/button_Login")): Object: 'Object Repository/OrangeHRM_OR/Page_OHRM_Login/button_Login' is clicked on

07-02-2024T00:57:45 - [MESSAGE][PASSED] - Object: 'Object Repository/OrangeHRM_OR/Page_OHRM_Login/button_Login' is clicked on

07-02-2024T00:57:45 - [TEST_STEP][PASSED] - verifyElementVisible(findTestObject("OrangeHRM_OR/Page_OHRM_Dashboard/h6_Dashboard")): Object 'Object Repository/OrangeHRM_OR/Page_OHRM_Dashboard/h6_Dashboard' is visible

07-02-2024T00:57:48 - [MESSAGE][PASSED] - Object 'Object Repository/OrangeHRM_OR/Page_OHRM_Dashboard/h6_Dashboard' is visible

07-02-2024T00:57:48 - [MESSAGE][PASSED] - Call Test Case 'Test Cases/Jenkins Integration/TC_Validate OHRM Login_Login Success_001' successfully

07-02-2024T00:57:48 - [TEST_STEP][PASSED] - click(findTestObject("OrangeHRM_OR/Page_OHRM_Admin/a_Admin_navigation_link")): Object: 'Object Repository/OrangeHRM_OR/Page_OHRM_Admin/a_Admin_navigation_link' is clicked on

07-02-2024T00:57:49 - [MESSAGE][PASSED] - Object: 'Object Repository/OrangeHRM_OR/Page_OHRM_Admin/a_Admin_navigation_link' is clicked on

07-02-2024T00:57:49 - [TEST_STEP][PASSED] - verifyElementVisible(findTestObject("OrangeHRM_OR/Page_OHRM_Dashboard/h6_Admin")): Object 'Object Repository/OrangeHRM_OR/Page_OHRM_Dashboard/h6_Admin' is visible

07-02-2024T00:57:50 - [MESSAGE][PASSED] - Object 'Object Repository/OrangeHRM_OR/Page_OHRM_Dashboard/h6_Admin' is visible

07-02-2024T00:57:50 - [TEST_STEP][PASSED] - delay(2): Delayed 2 second(s)

07-02-2024T00:57:52 - [MESSAGE][PASSED] - Delayed 2 second(s)

07-02-2024T00:57:52 - [TEST_STEP][PASSED] - click(findTestObject("OrangeHRM_OR/Page_OHRM_PIM/a_PIM")): Object: 'Object Repository/OrangeHRM_OR/Page_OHRM_PIM/a_PIM' is clicked on

07-02-2024T00:57:53 - [MESSAGE][PASSED] - Object: 'Object Repository/OrangeHRM_OR/Page_OHRM_PIM/a_PIM' is clicked on

07-02-2024T00:57:53 - [TEST_STEP][PASSED] - waitForElementPresent(findTestObject("OrangeHRM_OR/Page_OHRM_Dashboard/h6_PIM"), 2): Object 'Object Repository/OrangeHRM_OR/Page_OHRM_Dashboard/h6_PIM' is present

07-02-2024T00:57:56 - [MESSAGE][PASSED] - Object 'Object Repository/OrangeHRM_OR/Page_OHRM_Dashboard/h6_PIM' is present

07-02-2024T00:57:56 - [TEST_STEP][PASSED] - delay(2): Delayed 2 second(s)

07-02-2024T00:57:58 - [MESSAGE][PASSED] - Delayed 2 second(s)

07-02-2024T00:57:58 - [TEST_STEP][PASSED] - back(): Navigate back successfully

07-02-2024T00:57:58 - [MESSAGE][PASSED] - Navigate back successfully

07-02-2024T00:57:58 - [TEST_STEP][PASSED] - verifyElementPresent(findTestObject("OrangeHRM_OR/Page_OHRM_Dashboard/h6_Admin"), 0): Object 'Object Repository/OrangeHRM_OR/Page_OHRM_Dashboard/h6_Admin' is present

07-02-2024T00:57:58 - [MESSAGE][WARNING] - Timeout '0' is invalid. Using default page load timeout: '30'

07-02-2024T00:58:00 - [MESSAGE][PASSED] - Object 'Object Repository/OrangeHRM_OR/Page_OHRM_Dashboard/h6_Admin' is present

07-02-2024T00:58:00 - [TEST_STEP][PASSED] - delay(2): Delayed 2 second(s)

07-02-2024T00:58:02 - [MESSAGE][PASSED] - Delayed 2 second(s)

07-02-2024T00:58:02 - [TEST_STEP][PASSED] - forward(): Navigate forward successfully

07-02-2024T00:58:02 - [MESSAGE][PASSED] - Navigate forward successfully

07-02-2024T00:58:02 - [TEST_STEP][PASSED] - verifyElementText(findTestObject("OrangeHRM_OR/Page_OHRM_Dashboard/h6_PIM"), "PIM"): Actual text and expected text of test object 'Object Repository/OrangeHRM_OR/Page_OHRM_Dashboard/h6_PIM' are matched.

07-02-2024T00:58:03 - [MESSAGE][PASSED] - Actual text and expected text of test object 'Object Repository/OrangeHRM_OR/Page_OHRM_Dashboard/h6_PIM' are matched.

07-02-2024T00:58:03 - [TEST_STEP][PASSED] - out.println(getWindowIndex()): Current window's index is: 0

07-02-2024T00:58:03 - [MESSAGE][PASSED] - Current window's index is: 0

07-02-2024T00:58:03 - [TEST_STEP][PASSED] - out.println(getWindowTitle()): Current window's title is: 'OrangeHRM'

07-02-2024T00:58:03 - [MESSAGE][PASSED] - Current window's title is: 'OrangeHRM'

07-02-2024T00:58:03 - [TEST_STEP][PASSED] - delay(2): Delayed 2 second(s)

07-02-2024T00:58:05 - [MESSAGE][PASSED] - Delayed 2 second(s)

07-02-2024T00:58:05 - [TEST_STEP][PASSED] - click(findTestObject("OrangeHRM_OR/Page_OHRM_Dashboard/a_Time")): Object: 'Object Repository/OrangeHRM_OR/Page_OHRM_Dashboard/a_Time' is clicked on

07-02-2024T00:58:06 - [MESSAGE][PASSED] - Object: 'Object Repository/OrangeHRM_OR/Page_OHRM_Dashboard/a_Time' is clicked on

07-02-2024T00:58:06 - [TEST_STEP][PASSED] - verifyTextNotPresent("Admin / User Management", false): Text 'Admin / User Management' is not present on page

07-02-2024T00:58:06 - [MESSAGE][PASSED] - Text 'Admin / User Management' is not present on page

07-02-2024T00:58:06 - [TEST_STEP][PASSED] - delay(2): Delayed 2 second(s)

07-02-2024T00:58:08 - [MESSAGE][PASSED] - Delayed 2 second(s)

07-02-2024T00:58:08 - [TEST_STEP][PASSED] - Start listener action : sampleAfterTestCase: null

07-02-2024T00:58:08 - [TEST_STEP][PASSED] - if (verifyElementVisible(findTestObject("Object Repository/OrangeHRM_OR/Page_OHRM_Dashboard/span_profile_button"), OPTIONAL)): null

07-02-2024T00:58:09 - [MESSAGE][PASSED] - Object 'Object Repository/OrangeHRM_OR/Page_OHRM_Dashboard/span_profile_button' is visible

07-02-2024T00:58:09 - [TEST_STEP][PASSED] - click(findTestObject("Object Repository/OrangeHRM_OR/Page_OHRM_Dashboard/span_profile_button")): Object: 'Object Repository/OrangeHRM_OR/Page_OHRM_Dashboard/span_profile_button' is clicked on

07-02-2024T00:58:09 - [MESSAGE][PASSED] - Object: 'Object Repository/OrangeHRM_OR/Page_OHRM_Dashboard/span_profile_button' is clicked on

07-02-2024T00:58:09 - [TEST_STEP][PASSED] - click(findTestObject("Object Repository/OrangeHRM_OR/Page_OHRM_Dashboard/a_Logout")): Object: 'Object Repository/OrangeHRM_OR/Page_OHRM_Dashboard/a_Logout' is clicked on

07-02-2024T00:58:10 - [MESSAGE][PASSED] - Object: 'Object Repository/OrangeHRM_OR/Page_OHRM_Dashboard/a_Logout' is clicked on]]></system-out>
         <system-err><![CDATA[]]></system-err>
      </testcase>
      <system-out><![CDATA[07-02-2024T00:57:39 - [TEST_SUITE][PASSED] - Validate OHRM Navigation_TestSuite: Test Cases/Built In Keywords/TC_Validate OHRM Navigation_001]]></system-out>
      <system-err><![CDATA[]]></system-err>
   </testsuite>
</testsuites>
