<?xml version="1.0" encoding="UTF-8"?>
<testsuites name="Validate OHRM Login_Missing Parameters_Test Suite" time="1.208" tests="0" failures="0" errors="0">
   <testsuite name="Validate OHRM Login_Missing Parameters_Test Suite" tests="0" failures="0" errors="0" time="1.208" skipped="0" timestamp="07-02-2024T00:57:39" hostname="Shahbaaz - DESKTOP-69BDL2N" id="Test Suites/Test Listeners -TestSuite/Validate OHRM Login_Missing Parameters_Test Suite">
      <properties>
         <property name="deviceName" value=""/>
         <property name="devicePlatform" value=""/>
         <property name="logFolder" value="C:\\Users\\Shahbaaz\\git\\SI-GuidedProject-705570-1704892459\\Reports\\20240207_005730\\Test Listeners -TestSuite\\Validate OHRM Login_Missing Parameters_Test Suite\\20240207_005731"/>
         <property name="logFiles" value="C:\\Users\\Shahbaaz\\git\\SI-GuidedProject-705570-1704892459\\Reports\\20240207_005730\\Test Listeners -TestSuite\\Validate OHRM Login_Missing Parameters_Test Suite\\20240207_005731\\execution0.log"/>
         <property name="attachments" value=""/>
         <property name="hostName" value="Shahbaaz - DESKTOP-69BDL2N"/>
         <property name="hostAddress" value="192.168.29.167"/>
         <property name="os" value="Windows 10 64bit"/>
         <property name="katalonVersion" value="9.2.0.212"/>
      </properties>
      <system-out><![CDATA[07-02-2024T00:57:39 - [TEST_SUITE][PASSED] - Validate OHRM Login_Missing Parameters_Test Suite: null]]></system-out>
      <system-err><![CDATA[]]></system-err>
   </testsuite>
</testsuites>
