<?xml version="1.0" encoding="UTF-8"?>
<testsuites name="Validate OHRM Admin_Employee Search_TestSuite" time="116.244" tests="7" failures="0" errors="0">
   <testsuite name="Validate OHRM Admin_Employee Search_TestSuite" tests="7" failures="0" errors="0" time="116.244" skipped="0" timestamp="09-02-2024T01:07:39" hostname="Shahbaaz - DESKTOP-69BDL2N" id="Test Suites/Data Driven Testing/Validate OHRM Admin_Employee Search_TestSuite">
      <properties>
         <property name="deviceName" value=""/>
         <property name="devicePlatform" value=""/>
         <property name="logFolder" value="C:\\Users\\Shahbaaz\\git\\SI-GuidedProject-705570-1704892459\\Reports\\20240209_010737\\Data Driven Testing\\Validate OHRM Admin_Employee Search_TestSuite\\20240209_010737"/>
         <property name="logFiles" value="C:\\Users\\Shahbaaz\\git\\SI-GuidedProject-705570-1704892459\\Reports\\20240209_010737\\Data Driven Testing\\Validate OHRM Admin_Employee Search_TestSuite\\20240209_010737\\execution0.log"/>
         <property name="attachments" value=""/>
         <property name="hostName" value="Shahbaaz - DESKTOP-69BDL2N"/>
         <property name="os" value="Windows 10 64bit"/>
         <property name="katalonVersion" value="9.2.0.212"/>
         <property name="browser" value="Chrome 121.0.0.0"/>
         <property name="hostAddress" value="192.168.29.167"/>
         <property name="sessionId" value="a433ebcf9364f968b5ef528974ddeb3c"/>
         <property name="seleniumVersion" value="3.141.59"/>
         <property name="proxyInformation" value="ProxyInformation { proxyOption=NO_PROXY, proxyServerType=HTTP, username=, password=********, proxyServerAddress=, proxyServerPort=0, executionList=&quot;&quot;, isApplyToDesiredCapabilities=true }"/>
         <property name="platform" value="Windows 10"/>
      </properties>
      <testcase name="Test Cases/Data Driven Testing/TC_Validate OHRM Admin_employee search_001" time="14.314" classname="Test Cases/Data Driven Testing/TC_Validate OHRM Admin_employee search_001" status="PASSED">
         <system-out><![CDATA[09-02-2024T01:07:40 - [TEST_CASE][PASSED] - Test Cases/Data Driven Testing/TC_Validate OHRM Admin_employee search_001: Test Cases/Data Driven Testing/TC_Validate OHRM Admin_employee search_001

09-02-2024T01:07:40 - [TEST_STEP][PASSED] - Start listener action : sampleBeforeTestCase: Navigate to 'https://opensource-demo.orangehrmlive.com/' successfully

09-02-2024T01:07:40 - [TEST_STEP][PASSED] - navigateToUrl(URL): Navigate to 'https://opensource-demo.orangehrmlive.com/' successfully

09-02-2024T01:07:42 - [MESSAGE][PASSED] - Navigate to 'https://opensource-demo.orangehrmlive.com/' successfully

09-02-2024T01:07:43 - [TEST_STEP][PASSED] - callTestCase(findTestCase("Jenkins Integration/TC_Validate OHRM Login_Login Success_001"), ["url":"", "username":"", "password":""], CONTINUE_ON_FAILURE): Call Test Case 'Test Cases/Jenkins Integration/TC_Validate OHRM Login_Login Success_001' successfully

09-02-2024T01:07:43 - [TEST_CASE][PASSED] - Test Cases/Jenkins Integration/TC_Validate OHRM Login_Login Success_001: Test Cases/Jenkins Integration/TC_Validate OHRM Login_Login Success_001

09-02-2024T01:07:43 - [TEST_STEP][PASSED] - comment("To test for successful Login"): To test for successful Login

09-02-2024T01:07:43 - [MESSAGE][INFO] - To test for successful Login

09-02-2024T01:07:43 - [TEST_STEP][PASSED] - setText(findTestObject("OrangeHRM_OR/Page_OHRM_Login/input_Username_username"), Username): Text 'Admin' is set on object 'Object Repository/OrangeHRM_OR/Page_OHRM_Login/input_Username_username'

09-02-2024T01:07:44 - [MESSAGE][PASSED] - Text 'Admin' is set on object 'Object Repository/OrangeHRM_OR/Page_OHRM_Login/input_Username_username'

09-02-2024T01:07:44 - [TEST_STEP][PASSED] - setText(findTestObject("OrangeHRM_OR/Page_OHRM_Login/input_Password_password"), Password): Text 'admin123' is set on object 'Object Repository/OrangeHRM_OR/Page_OHRM_Login/input_Password_password'

09-02-2024T01:07:44 - [MESSAGE][PASSED] - Text 'admin123' is set on object 'Object Repository/OrangeHRM_OR/Page_OHRM_Login/input_Password_password'

09-02-2024T01:07:44 - [TEST_STEP][PASSED] - click(findTestObject("OrangeHRM_OR/Page_OHRM_Login/button_Login")): Object: 'Object Repository/OrangeHRM_OR/Page_OHRM_Login/button_Login' is clicked on

09-02-2024T01:07:44 - [MESSAGE][PASSED] - Object: 'Object Repository/OrangeHRM_OR/Page_OHRM_Login/button_Login' is clicked on

09-02-2024T01:07:44 - [TEST_STEP][PASSED] - verifyElementVisible(findTestObject("OrangeHRM_OR/Page_OHRM_Dashboard/h6_Dashboard")): Object 'Object Repository/OrangeHRM_OR/Page_OHRM_Dashboard/h6_Dashboard' is visible

09-02-2024T01:07:46 - [MESSAGE][PASSED] - Object 'Object Repository/OrangeHRM_OR/Page_OHRM_Dashboard/h6_Dashboard' is visible

09-02-2024T01:07:46 - [MESSAGE][PASSED] - Call Test Case 'Test Cases/Jenkins Integration/TC_Validate OHRM Login_Login Success_001' successfully

09-02-2024T01:07:46 - [TEST_STEP][PASSED] - click(findTestObject("OrangeHRM_OR/Page_OHRM_Admin/a_Admin_navigation_link")): Object: 'Object Repository/OrangeHRM_OR/Page_OHRM_Admin/a_Admin_navigation_link' is clicked on

09-02-2024T01:07:48 - [MESSAGE][PASSED] - Object: 'Object Repository/OrangeHRM_OR/Page_OHRM_Admin/a_Admin_navigation_link' is clicked on

09-02-2024T01:07:48 - [TEST_STEP][PASSED] - if (!(emp_username.equals(""))): Text 'Admin' is set on object 'Object Repository/OrangeHRM_OR/Page_OHRM_Admin/input_Username'

09-02-2024T01:07:48 - [TEST_STEP][PASSED] - setText(findTestObject("OrangeHRM_OR/Page_OHRM_Admin/input_Username"), emp_username): Text 'Admin' is set on object 'Object Repository/OrangeHRM_OR/Page_OHRM_Admin/input_Username'

09-02-2024T01:07:50 - [MESSAGE][PASSED] - Text 'Admin' is set on object 'Object Repository/OrangeHRM_OR/Page_OHRM_Admin/input_Username'

09-02-2024T01:07:50 - [TEST_STEP][PASSED] - if (emp_role.equals("Admin")): null

09-02-2024T01:07:50 - [TEST_STEP][PASSED] - if (!(emp_name.equals(""))): null

09-02-2024T01:07:50 - [TEST_STEP][PASSED] - if (emp_status.equals("Enabled")): null

09-02-2024T01:07:50 - [TEST_STEP][PASSED] - click(findTestObject("OrangeHRM_OR/Page_OHRM_Admin/button_Search")): Object: 'Object Repository/OrangeHRM_OR/Page_OHRM_Admin/button_Search' is clicked on

09-02-2024T01:07:50 - [MESSAGE][PASSED] - Object: 'Object Repository/OrangeHRM_OR/Page_OHRM_Admin/button_Search' is clicked on

09-02-2024T01:07:50 - [TEST_STEP][PASSED] - verifyTextPresent(validation_text, false): Text 'Bob Tester' is present on page 

09-02-2024T01:07:51 - [MESSAGE][PASSED] - Text 'Bob Tester' is present on page 

09-02-2024T01:07:51 - [TEST_STEP][PASSED] - delay(2): Delayed 2 second(s)

09-02-2024T01:07:53 - [MESSAGE][PASSED] - Delayed 2 second(s)

09-02-2024T01:07:53 - [TEST_STEP][PASSED] - Start listener action : sampleAfterTestCase: null

09-02-2024T01:07:53 - [TEST_STEP][PASSED] - if (verifyElementVisible(findTestObject("Object Repository/OrangeHRM_OR/Page_OHRM_Dashboard/span_profile_button"), OPTIONAL)): null

09-02-2024T01:07:53 - [MESSAGE][PASSED] - Object 'Object Repository/OrangeHRM_OR/Page_OHRM_Dashboard/span_profile_button' is visible

09-02-2024T01:07:53 - [TEST_STEP][PASSED] - click(findTestObject("Object Repository/OrangeHRM_OR/Page_OHRM_Dashboard/span_profile_button")): Object: 'Object Repository/OrangeHRM_OR/Page_OHRM_Dashboard/span_profile_button' is clicked on

09-02-2024T01:07:53 - [MESSAGE][PASSED] - Object: 'Object Repository/OrangeHRM_OR/Page_OHRM_Dashboard/span_profile_button' is clicked on

09-02-2024T01:07:53 - [TEST_STEP][PASSED] - click(findTestObject("Object Repository/OrangeHRM_OR/Page_OHRM_Dashboard/a_Logout")): Object: 'Object Repository/OrangeHRM_OR/Page_OHRM_Dashboard/a_Logout' is clicked on

09-02-2024T01:07:54 - [MESSAGE][PASSED] - Object: 'Object Repository/OrangeHRM_OR/Page_OHRM_Dashboard/a_Logout' is clicked on]]></system-out>
         <system-err><![CDATA[]]></system-err>
      </testcase>
      <testcase name="Test Cases/Data Driven Testing/TC_Validate OHRM Admin_employee search_001" time="17.326" classname="Test Cases/Data Driven Testing/TC_Validate OHRM Admin_employee search_001" status="PASSED">
         <system-out><![CDATA[09-02-2024T01:07:54 - [TEST_CASE][PASSED] - Test Cases/Data Driven Testing/TC_Validate OHRM Admin_employee search_001: Test Cases/Data Driven Testing/TC_Validate OHRM Admin_employee search_001

09-02-2024T01:07:54 - [TEST_STEP][PASSED] - Start listener action : sampleBeforeTestCase: Navigate to 'https://opensource-demo.orangehrmlive.com/' successfully

09-02-2024T01:07:54 - [TEST_STEP][PASSED] - navigateToUrl(URL): Navigate to 'https://opensource-demo.orangehrmlive.com/' successfully

09-02-2024T01:07:55 - [MESSAGE][PASSED] - Navigate to 'https://opensource-demo.orangehrmlive.com/' successfully

09-02-2024T01:07:55 - [TEST_STEP][PASSED] - callTestCase(findTestCase("Jenkins Integration/TC_Validate OHRM Login_Login Success_001"), ["url":"", "username":"", "password":""], CONTINUE_ON_FAILURE): Call Test Case 'Test Cases/Jenkins Integration/TC_Validate OHRM Login_Login Success_001' successfully

09-02-2024T01:07:55 - [TEST_CASE][PASSED] - Test Cases/Jenkins Integration/TC_Validate OHRM Login_Login Success_001: Test Cases/Jenkins Integration/TC_Validate OHRM Login_Login Success_001

09-02-2024T01:07:55 - [TEST_STEP][PASSED] - comment("To test for successful Login"): To test for successful Login

09-02-2024T01:07:55 - [MESSAGE][INFO] - To test for successful Login

09-02-2024T01:07:55 - [TEST_STEP][PASSED] - setText(findTestObject("OrangeHRM_OR/Page_OHRM_Login/input_Username_username"), Username): Text 'Admin' is set on object 'Object Repository/OrangeHRM_OR/Page_OHRM_Login/input_Username_username'

09-02-2024T01:07:56 - [MESSAGE][PASSED] - Text 'Admin' is set on object 'Object Repository/OrangeHRM_OR/Page_OHRM_Login/input_Username_username'

09-02-2024T01:07:56 - [TEST_STEP][PASSED] - setText(findTestObject("OrangeHRM_OR/Page_OHRM_Login/input_Password_password"), Password): Text 'admin123' is set on object 'Object Repository/OrangeHRM_OR/Page_OHRM_Login/input_Password_password'

09-02-2024T01:07:56 - [MESSAGE][PASSED] - Text 'admin123' is set on object 'Object Repository/OrangeHRM_OR/Page_OHRM_Login/input_Password_password'

09-02-2024T01:07:56 - [TEST_STEP][PASSED] - click(findTestObject("OrangeHRM_OR/Page_OHRM_Login/button_Login")): Object: 'Object Repository/OrangeHRM_OR/Page_OHRM_Login/button_Login' is clicked on

09-02-2024T01:07:57 - [MESSAGE][PASSED] - Object: 'Object Repository/OrangeHRM_OR/Page_OHRM_Login/button_Login' is clicked on

09-02-2024T01:07:57 - [TEST_STEP][PASSED] - verifyElementVisible(findTestObject("OrangeHRM_OR/Page_OHRM_Dashboard/h6_Dashboard")): Object 'Object Repository/OrangeHRM_OR/Page_OHRM_Dashboard/h6_Dashboard' is visible

09-02-2024T01:07:59 - [MESSAGE][PASSED] - Object 'Object Repository/OrangeHRM_OR/Page_OHRM_Dashboard/h6_Dashboard' is visible

09-02-2024T01:07:59 - [MESSAGE][PASSED] - Call Test Case 'Test Cases/Jenkins Integration/TC_Validate OHRM Login_Login Success_001' successfully

09-02-2024T01:07:59 - [TEST_STEP][PASSED] - click(findTestObject("OrangeHRM_OR/Page_OHRM_Admin/a_Admin_navigation_link")): Object: 'Object Repository/OrangeHRM_OR/Page_OHRM_Admin/a_Admin_navigation_link' is clicked on

09-02-2024T01:08:00 - [MESSAGE][PASSED] - Object: 'Object Repository/OrangeHRM_OR/Page_OHRM_Admin/a_Admin_navigation_link' is clicked on

09-02-2024T01:08:00 - [TEST_STEP][PASSED] - if (!(emp_username.equals(""))): null

09-02-2024T01:08:00 - [TEST_STEP][PASSED] - if (emp_role.equals("Admin")): null

09-02-2024T01:08:00 - [TEST_STEP][PASSED] - if (!(emp_name.equals(""))): Object: 'Object Repository/OrangeHRM_OR/Page_OHRM_Admin/div_employee_name_option' is clicked on

09-02-2024T01:08:00 - [TEST_STEP][PASSED] - setText(findTestObject("OrangeHRM_OR/Page_OHRM_Admin/input_employee_name"), emp_name): Text 'Raleigh Johnston' is set on object 'Object Repository/OrangeHRM_OR/Page_OHRM_Admin/input_employee_name'

09-02-2024T01:08:01 - [MESSAGE][PASSED] - Text 'Raleigh Johnston' is set on object 'Object Repository/OrangeHRM_OR/Page_OHRM_Admin/input_employee_name'

09-02-2024T01:08:01 - [TEST_STEP][PASSED] - delay(5): Delayed 5 second(s)

09-02-2024T01:08:07 - [MESSAGE][PASSED] - Delayed 5 second(s)

09-02-2024T01:08:07 - [TEST_STEP][PASSED] - click(findTestObject("OrangeHRM_OR/Page_OHRM_Admin/div_employee_name_option")): Object: 'Object Repository/OrangeHRM_OR/Page_OHRM_Admin/div_employee_name_option' is clicked on

09-02-2024T01:08:07 - [MESSAGE][PASSED] - Object: 'Object Repository/OrangeHRM_OR/Page_OHRM_Admin/div_employee_name_option' is clicked on

09-02-2024T01:08:07 - [TEST_STEP][PASSED] - if (emp_status.equals("Enabled")): null

09-02-2024T01:08:07 - [TEST_STEP][PASSED] - click(findTestObject("OrangeHRM_OR/Page_OHRM_Admin/button_Search")): Object: 'Object Repository/OrangeHRM_OR/Page_OHRM_Admin/button_Search' is clicked on

09-02-2024T01:08:07 - [MESSAGE][PASSED] - Object: 'Object Repository/OrangeHRM_OR/Page_OHRM_Admin/button_Search' is clicked on

09-02-2024T01:08:07 - [TEST_STEP][PASSED] - verifyTextPresent(validation_text, false): Text 'Raleigh Johnston' is present on page 

09-02-2024T01:08:08 - [MESSAGE][PASSED] - Text 'Raleigh Johnston' is present on page 

09-02-2024T01:08:08 - [TEST_STEP][PASSED] - delay(2): Delayed 2 second(s)

09-02-2024T01:08:10 - [MESSAGE][PASSED] - Delayed 2 second(s)

09-02-2024T01:08:10 - [TEST_STEP][PASSED] - Start listener action : sampleAfterTestCase: null

09-02-2024T01:08:10 - [TEST_STEP][PASSED] - if (verifyElementVisible(findTestObject("Object Repository/OrangeHRM_OR/Page_OHRM_Dashboard/span_profile_button"), OPTIONAL)): null

09-02-2024T01:08:10 - [MESSAGE][PASSED] - Object 'Object Repository/OrangeHRM_OR/Page_OHRM_Dashboard/span_profile_button' is visible

09-02-2024T01:08:10 - [TEST_STEP][PASSED] - click(findTestObject("Object Repository/OrangeHRM_OR/Page_OHRM_Dashboard/span_profile_button")): Object: 'Object Repository/OrangeHRM_OR/Page_OHRM_Dashboard/span_profile_button' is clicked on

09-02-2024T01:08:11 - [MESSAGE][PASSED] - Object: 'Object Repository/OrangeHRM_OR/Page_OHRM_Dashboard/span_profile_button' is clicked on

09-02-2024T01:08:11 - [TEST_STEP][PASSED] - click(findTestObject("Object Repository/OrangeHRM_OR/Page_OHRM_Dashboard/a_Logout")): Object: 'Object Repository/OrangeHRM_OR/Page_OHRM_Dashboard/a_Logout' is clicked on

09-02-2024T01:08:12 - [MESSAGE][PASSED] - Object: 'Object Repository/OrangeHRM_OR/Page_OHRM_Dashboard/a_Logout' is clicked on]]></system-out>
         <system-err><![CDATA[]]></system-err>
      </testcase>
      <testcase name="Test Cases/Data Driven Testing/TC_Validate OHRM Admin_employee search_001" time="18.501" classname="Test Cases/Data Driven Testing/TC_Validate OHRM Admin_employee search_001" status="PASSED">
         <system-out><![CDATA[09-02-2024T01:08:12 - [TEST_CASE][PASSED] - Test Cases/Data Driven Testing/TC_Validate OHRM Admin_employee search_001: Test Cases/Data Driven Testing/TC_Validate OHRM Admin_employee search_001

09-02-2024T01:08:12 - [TEST_STEP][PASSED] - Start listener action : sampleBeforeTestCase: Navigate to 'https://opensource-demo.orangehrmlive.com/' successfully

09-02-2024T01:08:12 - [TEST_STEP][PASSED] - navigateToUrl(URL): Navigate to 'https://opensource-demo.orangehrmlive.com/' successfully

09-02-2024T01:08:12 - [MESSAGE][PASSED] - Navigate to 'https://opensource-demo.orangehrmlive.com/' successfully

09-02-2024T01:08:12 - [TEST_STEP][PASSED] - callTestCase(findTestCase("Jenkins Integration/TC_Validate OHRM Login_Login Success_001"), ["url":"", "username":"", "password":""], CONTINUE_ON_FAILURE): Call Test Case 'Test Cases/Jenkins Integration/TC_Validate OHRM Login_Login Success_001' successfully

09-02-2024T01:08:12 - [TEST_CASE][PASSED] - Test Cases/Jenkins Integration/TC_Validate OHRM Login_Login Success_001: Test Cases/Jenkins Integration/TC_Validate OHRM Login_Login Success_001

09-02-2024T01:08:12 - [TEST_STEP][PASSED] - comment("To test for successful Login"): To test for successful Login

09-02-2024T01:08:12 - [MESSAGE][INFO] - To test for successful Login

09-02-2024T01:08:12 - [TEST_STEP][PASSED] - setText(findTestObject("OrangeHRM_OR/Page_OHRM_Login/input_Username_username"), Username): Text 'Admin' is set on object 'Object Repository/OrangeHRM_OR/Page_OHRM_Login/input_Username_username'

09-02-2024T01:08:13 - [MESSAGE][PASSED] - Text 'Admin' is set on object 'Object Repository/OrangeHRM_OR/Page_OHRM_Login/input_Username_username'

09-02-2024T01:08:13 - [TEST_STEP][PASSED] - setText(findTestObject("OrangeHRM_OR/Page_OHRM_Login/input_Password_password"), Password): Text 'admin123' is set on object 'Object Repository/OrangeHRM_OR/Page_OHRM_Login/input_Password_password'

09-02-2024T01:08:14 - [MESSAGE][PASSED] - Text 'admin123' is set on object 'Object Repository/OrangeHRM_OR/Page_OHRM_Login/input_Password_password'

09-02-2024T01:08:14 - [TEST_STEP][PASSED] - click(findTestObject("OrangeHRM_OR/Page_OHRM_Login/button_Login")): Object: 'Object Repository/OrangeHRM_OR/Page_OHRM_Login/button_Login' is clicked on

09-02-2024T01:08:14 - [MESSAGE][PASSED] - Object: 'Object Repository/OrangeHRM_OR/Page_OHRM_Login/button_Login' is clicked on

09-02-2024T01:08:14 - [TEST_STEP][PASSED] - verifyElementVisible(findTestObject("OrangeHRM_OR/Page_OHRM_Dashboard/h6_Dashboard")): Object 'Object Repository/OrangeHRM_OR/Page_OHRM_Dashboard/h6_Dashboard' is visible

09-02-2024T01:08:17 - [MESSAGE][PASSED] - Object 'Object Repository/OrangeHRM_OR/Page_OHRM_Dashboard/h6_Dashboard' is visible

09-02-2024T01:08:17 - [MESSAGE][PASSED] - Call Test Case 'Test Cases/Jenkins Integration/TC_Validate OHRM Login_Login Success_001' successfully

09-02-2024T01:08:17 - [TEST_STEP][PASSED] - click(findTestObject("OrangeHRM_OR/Page_OHRM_Admin/a_Admin_navigation_link")): Object: 'Object Repository/OrangeHRM_OR/Page_OHRM_Admin/a_Admin_navigation_link' is clicked on

09-02-2024T01:08:18 - [MESSAGE][PASSED] - Object: 'Object Repository/OrangeHRM_OR/Page_OHRM_Admin/a_Admin_navigation_link' is clicked on

09-02-2024T01:08:18 - [TEST_STEP][PASSED] - if (!(emp_username.equals(""))): null

09-02-2024T01:08:18 - [TEST_STEP][PASSED] - if (emp_role.equals("Admin")): null

09-02-2024T01:08:18 - [TEST_STEP][PASSED] - if (!(emp_name.equals(""))): Object: 'Object Repository/OrangeHRM_OR/Page_OHRM_Admin/div_employee_name_option' is clicked on

09-02-2024T01:08:18 - [TEST_STEP][PASSED] - setText(findTestObject("OrangeHRM_OR/Page_OHRM_Admin/input_employee_name"), emp_name): Text 'Theodore Schuppe' is set on object 'Object Repository/OrangeHRM_OR/Page_OHRM_Admin/input_employee_name'

09-02-2024T01:08:19 - [MESSAGE][PASSED] - Text 'Theodore Schuppe' is set on object 'Object Repository/OrangeHRM_OR/Page_OHRM_Admin/input_employee_name'

09-02-2024T01:08:19 - [TEST_STEP][PASSED] - delay(5): Delayed 5 second(s)

09-02-2024T01:08:24 - [MESSAGE][PASSED] - Delayed 5 second(s)

09-02-2024T01:08:24 - [TEST_STEP][PASSED] - click(findTestObject("OrangeHRM_OR/Page_OHRM_Admin/div_employee_name_option")): Object: 'Object Repository/OrangeHRM_OR/Page_OHRM_Admin/div_employee_name_option' is clicked on

09-02-2024T01:08:24 - [MESSAGE][PASSED] - Object: 'Object Repository/OrangeHRM_OR/Page_OHRM_Admin/div_employee_name_option' is clicked on

09-02-2024T01:08:24 - [TEST_STEP][PASSED] - if (emp_status.equals("Enabled")): Object: 'Object Repository/OrangeHRM_OR/Page_OHRM_Admin/div_Enabled_option_status' is clicked on

09-02-2024T01:08:24 - [TEST_STEP][PASSED] - click(findTestObject("OrangeHRM_OR/Page_OHRM_Admin/i_dropdown_button_status")): Object: 'Object Repository/OrangeHRM_OR/Page_OHRM_Admin/i_dropdown_button_status' is clicked on

09-02-2024T01:08:25 - [MESSAGE][PASSED] - Object: 'Object Repository/OrangeHRM_OR/Page_OHRM_Admin/i_dropdown_button_status' is clicked on

09-02-2024T01:08:25 - [TEST_STEP][PASSED] - click(findTestObject("OrangeHRM_OR/Page_OHRM_Admin/div_Enabled_option_status")): Object: 'Object Repository/OrangeHRM_OR/Page_OHRM_Admin/div_Enabled_option_status' is clicked on

09-02-2024T01:08:25 - [MESSAGE][PASSED] - Object: 'Object Repository/OrangeHRM_OR/Page_OHRM_Admin/div_Enabled_option_status' is clicked on

09-02-2024T01:08:25 - [TEST_STEP][PASSED] - click(findTestObject("OrangeHRM_OR/Page_OHRM_Admin/button_Search")): Object: 'Object Repository/OrangeHRM_OR/Page_OHRM_Admin/button_Search' is clicked on

09-02-2024T01:08:26 - [MESSAGE][PASSED] - Object: 'Object Repository/OrangeHRM_OR/Page_OHRM_Admin/button_Search' is clicked on

09-02-2024T01:08:26 - [TEST_STEP][PASSED] - verifyTextPresent(validation_text, false): Text 'Theodore Schuppe' is present on page 

09-02-2024T01:08:27 - [MESSAGE][PASSED] - Text 'Theodore Schuppe' is present on page 

09-02-2024T01:08:27 - [TEST_STEP][PASSED] - delay(2): Delayed 2 second(s)

09-02-2024T01:08:29 - [MESSAGE][PASSED] - Delayed 2 second(s)

09-02-2024T01:08:29 - [TEST_STEP][PASSED] - Start listener action : sampleAfterTestCase: null

09-02-2024T01:08:29 - [TEST_STEP][PASSED] - if (verifyElementVisible(findTestObject("Object Repository/OrangeHRM_OR/Page_OHRM_Dashboard/span_profile_button"), OPTIONAL)): null

09-02-2024T01:08:29 - [MESSAGE][PASSED] - Object 'Object Repository/OrangeHRM_OR/Page_OHRM_Dashboard/span_profile_button' is visible

09-02-2024T01:08:29 - [TEST_STEP][PASSED] - click(findTestObject("Object Repository/OrangeHRM_OR/Page_OHRM_Dashboard/span_profile_button")): Object: 'Object Repository/OrangeHRM_OR/Page_OHRM_Dashboard/span_profile_button' is clicked on

09-02-2024T01:08:29 - [MESSAGE][PASSED] - Object: 'Object Repository/OrangeHRM_OR/Page_OHRM_Dashboard/span_profile_button' is clicked on

09-02-2024T01:08:29 - [TEST_STEP][PASSED] - click(findTestObject("Object Repository/OrangeHRM_OR/Page_OHRM_Dashboard/a_Logout")): Object: 'Object Repository/OrangeHRM_OR/Page_OHRM_Dashboard/a_Logout' is clicked on

09-02-2024T01:08:30 - [MESSAGE][PASSED] - Object: 'Object Repository/OrangeHRM_OR/Page_OHRM_Dashboard/a_Logout' is clicked on]]></system-out>
         <system-err><![CDATA[]]></system-err>
      </testcase>
      <testcase name="Test Cases/Data Driven Testing/TC_Validate OHRM Admin_employee search_001" time="18.755" classname="Test Cases/Data Driven Testing/TC_Validate OHRM Admin_employee search_001" status="PASSED">
         <system-out><![CDATA[09-02-2024T01:08:30 - [TEST_CASE][PASSED] - Test Cases/Data Driven Testing/TC_Validate OHRM Admin_employee search_001: Test Cases/Data Driven Testing/TC_Validate OHRM Admin_employee search_001

09-02-2024T01:08:30 - [TEST_STEP][PASSED] - Start listener action : sampleBeforeTestCase: Navigate to 'https://opensource-demo.orangehrmlive.com/' successfully

09-02-2024T01:08:30 - [TEST_STEP][PASSED] - navigateToUrl(URL): Navigate to 'https://opensource-demo.orangehrmlive.com/' successfully

09-02-2024T01:08:31 - [MESSAGE][PASSED] - Navigate to 'https://opensource-demo.orangehrmlive.com/' successfully

09-02-2024T01:08:31 - [TEST_STEP][PASSED] - callTestCase(findTestCase("Jenkins Integration/TC_Validate OHRM Login_Login Success_001"), ["url":"", "username":"", "password":""], CONTINUE_ON_FAILURE): Call Test Case 'Test Cases/Jenkins Integration/TC_Validate OHRM Login_Login Success_001' successfully

09-02-2024T01:08:31 - [TEST_CASE][PASSED] - Test Cases/Jenkins Integration/TC_Validate OHRM Login_Login Success_001: Test Cases/Jenkins Integration/TC_Validate OHRM Login_Login Success_001

09-02-2024T01:08:31 - [TEST_STEP][PASSED] - comment("To test for successful Login"): To test for successful Login

09-02-2024T01:08:31 - [MESSAGE][INFO] - To test for successful Login

09-02-2024T01:08:31 - [TEST_STEP][PASSED] - setText(findTestObject("OrangeHRM_OR/Page_OHRM_Login/input_Username_username"), Username): Text 'Admin' is set on object 'Object Repository/OrangeHRM_OR/Page_OHRM_Login/input_Username_username'

09-02-2024T01:08:32 - [MESSAGE][PASSED] - Text 'Admin' is set on object 'Object Repository/OrangeHRM_OR/Page_OHRM_Login/input_Username_username'

09-02-2024T01:08:32 - [TEST_STEP][PASSED] - setText(findTestObject("OrangeHRM_OR/Page_OHRM_Login/input_Password_password"), Password): Text 'admin123' is set on object 'Object Repository/OrangeHRM_OR/Page_OHRM_Login/input_Password_password'

09-02-2024T01:08:32 - [MESSAGE][PASSED] - Text 'admin123' is set on object 'Object Repository/OrangeHRM_OR/Page_OHRM_Login/input_Password_password'

09-02-2024T01:08:32 - [TEST_STEP][PASSED] - click(findTestObject("OrangeHRM_OR/Page_OHRM_Login/button_Login")): Object: 'Object Repository/OrangeHRM_OR/Page_OHRM_Login/button_Login' is clicked on

09-02-2024T01:08:32 - [MESSAGE][PASSED] - Object: 'Object Repository/OrangeHRM_OR/Page_OHRM_Login/button_Login' is clicked on

09-02-2024T01:08:32 - [TEST_STEP][PASSED] - verifyElementVisible(findTestObject("OrangeHRM_OR/Page_OHRM_Dashboard/h6_Dashboard")): Object 'Object Repository/OrangeHRM_OR/Page_OHRM_Dashboard/h6_Dashboard' is visible

09-02-2024T01:08:35 - [MESSAGE][PASSED] - Object 'Object Repository/OrangeHRM_OR/Page_OHRM_Dashboard/h6_Dashboard' is visible

09-02-2024T01:08:35 - [MESSAGE][PASSED] - Call Test Case 'Test Cases/Jenkins Integration/TC_Validate OHRM Login_Login Success_001' successfully

09-02-2024T01:08:35 - [TEST_STEP][PASSED] - click(findTestObject("OrangeHRM_OR/Page_OHRM_Admin/a_Admin_navigation_link")): Object: 'Object Repository/OrangeHRM_OR/Page_OHRM_Admin/a_Admin_navigation_link' is clicked on

09-02-2024T01:08:36 - [MESSAGE][PASSED] - Object: 'Object Repository/OrangeHRM_OR/Page_OHRM_Admin/a_Admin_navigation_link' is clicked on

09-02-2024T01:08:36 - [TEST_STEP][PASSED] - if (!(emp_username.equals(""))): null

09-02-2024T01:08:36 - [TEST_STEP][PASSED] - if (emp_role.equals("Admin")): null

09-02-2024T01:08:36 - [TEST_STEP][PASSED] - else if (emp_role.equals("ESS")): Object: 'Object Repository/OrangeHRM_OR/Page_OHRM_Admin/div_ESS_option_user_role' is clicked on

09-02-2024T01:08:36 - [TEST_STEP][PASSED] - click(findTestObject("OrangeHRM_OR/Page_OHRM_Admin/i_dropdown_button_user_role")): Object: 'Object Repository/OrangeHRM_OR/Page_OHRM_Admin/i_dropdown_button_user_role' is clicked on

09-02-2024T01:08:38 - [MESSAGE][PASSED] - Object: 'Object Repository/OrangeHRM_OR/Page_OHRM_Admin/i_dropdown_button_user_role' is clicked on

09-02-2024T01:08:38 - [TEST_STEP][PASSED] - click(findTestObject("Object Repository/OrangeHRM_OR/Page_OHRM_Admin/div_ESS_option_user_role")): Object: 'Object Repository/OrangeHRM_OR/Page_OHRM_Admin/div_ESS_option_user_role' is clicked on

09-02-2024T01:08:38 - [MESSAGE][PASSED] - Object: 'Object Repository/OrangeHRM_OR/Page_OHRM_Admin/div_ESS_option_user_role' is clicked on

09-02-2024T01:08:38 - [TEST_STEP][PASSED] - if (!(emp_name.equals(""))): Object: 'Object Repository/OrangeHRM_OR/Page_OHRM_Admin/div_employee_name_option' is clicked on

09-02-2024T01:08:38 - [TEST_STEP][PASSED] - setText(findTestObject("OrangeHRM_OR/Page_OHRM_Admin/input_employee_name"), emp_name): Text 'Felisa Blick' is set on object 'Object Repository/OrangeHRM_OR/Page_OHRM_Admin/input_employee_name'

09-02-2024T01:08:39 - [MESSAGE][PASSED] - Text 'Felisa Blick' is set on object 'Object Repository/OrangeHRM_OR/Page_OHRM_Admin/input_employee_name'

09-02-2024T01:08:39 - [TEST_STEP][PASSED] - delay(5): Delayed 5 second(s)

09-02-2024T01:08:44 - [MESSAGE][PASSED] - Delayed 5 second(s)

09-02-2024T01:08:44 - [TEST_STEP][PASSED] - click(findTestObject("OrangeHRM_OR/Page_OHRM_Admin/div_employee_name_option")): Object: 'Object Repository/OrangeHRM_OR/Page_OHRM_Admin/div_employee_name_option' is clicked on

09-02-2024T01:08:44 - [MESSAGE][PASSED] - Object: 'Object Repository/OrangeHRM_OR/Page_OHRM_Admin/div_employee_name_option' is clicked on

09-02-2024T01:08:44 - [TEST_STEP][PASSED] - if (emp_status.equals("Enabled")): null

09-02-2024T01:08:44 - [TEST_STEP][PASSED] - click(findTestObject("OrangeHRM_OR/Page_OHRM_Admin/button_Search")): Object: 'Object Repository/OrangeHRM_OR/Page_OHRM_Admin/button_Search' is clicked on

09-02-2024T01:08:44 - [MESSAGE][PASSED] - Object: 'Object Repository/OrangeHRM_OR/Page_OHRM_Admin/button_Search' is clicked on

09-02-2024T01:08:44 - [TEST_STEP][PASSED] - verifyTextPresent(validation_text, false): Text 'Felisa Blick' is present on page 

09-02-2024T01:08:45 - [MESSAGE][PASSED] - Text 'Felisa Blick' is present on page 

09-02-2024T01:08:45 - [TEST_STEP][PASSED] - delay(2): Delayed 2 second(s)

09-02-2024T01:08:47 - [MESSAGE][PASSED] - Delayed 2 second(s)

09-02-2024T01:08:47 - [TEST_STEP][PASSED] - Start listener action : sampleAfterTestCase: null

09-02-2024T01:08:47 - [TEST_STEP][PASSED] - if (verifyElementVisible(findTestObject("Object Repository/OrangeHRM_OR/Page_OHRM_Dashboard/span_profile_button"), OPTIONAL)): null

09-02-2024T01:08:48 - [MESSAGE][PASSED] - Object 'Object Repository/OrangeHRM_OR/Page_OHRM_Dashboard/span_profile_button' is visible

09-02-2024T01:08:48 - [TEST_STEP][PASSED] - click(findTestObject("Object Repository/OrangeHRM_OR/Page_OHRM_Dashboard/span_profile_button")): Object: 'Object Repository/OrangeHRM_OR/Page_OHRM_Dashboard/span_profile_button' is clicked on

09-02-2024T01:08:48 - [MESSAGE][PASSED] - Object: 'Object Repository/OrangeHRM_OR/Page_OHRM_Dashboard/span_profile_button' is clicked on

09-02-2024T01:08:48 - [TEST_STEP][PASSED] - click(findTestObject("Object Repository/OrangeHRM_OR/Page_OHRM_Dashboard/a_Logout")): Object: 'Object Repository/OrangeHRM_OR/Page_OHRM_Dashboard/a_Logout' is clicked on

09-02-2024T01:08:49 - [MESSAGE][PASSED] - Object: 'Object Repository/OrangeHRM_OR/Page_OHRM_Dashboard/a_Logout' is clicked on]]></system-out>
         <system-err><![CDATA[]]></system-err>
      </testcase>
      <testcase name="Test Cases/Data Driven Testing/TC_Validate OHRM Admin_employee search_001" time="13.878" classname="Test Cases/Data Driven Testing/TC_Validate OHRM Admin_employee search_001" status="PASSED">
         <system-out><![CDATA[09-02-2024T01:08:49 - [TEST_CASE][PASSED] - Test Cases/Data Driven Testing/TC_Validate OHRM Admin_employee search_001: Test Cases/Data Driven Testing/TC_Validate OHRM Admin_employee search_001

09-02-2024T01:08:49 - [TEST_STEP][PASSED] - Start listener action : sampleBeforeTestCase: Navigate to 'https://opensource-demo.orangehrmlive.com/' successfully

09-02-2024T01:08:49 - [TEST_STEP][PASSED] - navigateToUrl(URL): Navigate to 'https://opensource-demo.orangehrmlive.com/' successfully

09-02-2024T01:08:49 - [MESSAGE][PASSED] - Navigate to 'https://opensource-demo.orangehrmlive.com/' successfully

09-02-2024T01:08:49 - [TEST_STEP][PASSED] - callTestCase(findTestCase("Jenkins Integration/TC_Validate OHRM Login_Login Success_001"), ["url":"", "username":"", "password":""], CONTINUE_ON_FAILURE): Call Test Case 'Test Cases/Jenkins Integration/TC_Validate OHRM Login_Login Success_001' successfully

09-02-2024T01:08:50 - [TEST_CASE][PASSED] - Test Cases/Jenkins Integration/TC_Validate OHRM Login_Login Success_001: Test Cases/Jenkins Integration/TC_Validate OHRM Login_Login Success_001

09-02-2024T01:08:50 - [TEST_STEP][PASSED] - comment("To test for successful Login"): To test for successful Login

09-02-2024T01:08:50 - [MESSAGE][INFO] - To test for successful Login

09-02-2024T01:08:50 - [TEST_STEP][PASSED] - setText(findTestObject("OrangeHRM_OR/Page_OHRM_Login/input_Username_username"), Username): Text 'Admin' is set on object 'Object Repository/OrangeHRM_OR/Page_OHRM_Login/input_Username_username'

09-02-2024T01:08:50 - [MESSAGE][PASSED] - Text 'Admin' is set on object 'Object Repository/OrangeHRM_OR/Page_OHRM_Login/input_Username_username'

09-02-2024T01:08:50 - [TEST_STEP][PASSED] - setText(findTestObject("OrangeHRM_OR/Page_OHRM_Login/input_Password_password"), Password): Text 'admin123' is set on object 'Object Repository/OrangeHRM_OR/Page_OHRM_Login/input_Password_password'

09-02-2024T01:08:51 - [MESSAGE][PASSED] - Text 'admin123' is set on object 'Object Repository/OrangeHRM_OR/Page_OHRM_Login/input_Password_password'

09-02-2024T01:08:51 - [TEST_STEP][PASSED] - click(findTestObject("OrangeHRM_OR/Page_OHRM_Login/button_Login")): Object: 'Object Repository/OrangeHRM_OR/Page_OHRM_Login/button_Login' is clicked on

09-02-2024T01:08:51 - [MESSAGE][PASSED] - Object: 'Object Repository/OrangeHRM_OR/Page_OHRM_Login/button_Login' is clicked on

09-02-2024T01:08:51 - [TEST_STEP][PASSED] - verifyElementVisible(findTestObject("OrangeHRM_OR/Page_OHRM_Dashboard/h6_Dashboard")): Object 'Object Repository/OrangeHRM_OR/Page_OHRM_Dashboard/h6_Dashboard' is visible

09-02-2024T01:08:54 - [MESSAGE][PASSED] - Object 'Object Repository/OrangeHRM_OR/Page_OHRM_Dashboard/h6_Dashboard' is visible

09-02-2024T01:08:54 - [MESSAGE][PASSED] - Call Test Case 'Test Cases/Jenkins Integration/TC_Validate OHRM Login_Login Success_001' successfully

09-02-2024T01:08:54 - [TEST_STEP][PASSED] - click(findTestObject("OrangeHRM_OR/Page_OHRM_Admin/a_Admin_navigation_link")): Object: 'Object Repository/OrangeHRM_OR/Page_OHRM_Admin/a_Admin_navigation_link' is clicked on

09-02-2024T01:08:55 - [MESSAGE][PASSED] - Object: 'Object Repository/OrangeHRM_OR/Page_OHRM_Admin/a_Admin_navigation_link' is clicked on

09-02-2024T01:08:55 - [TEST_STEP][PASSED] - if (!(emp_username.equals(""))): Text 'kendall.schowalter' is set on object 'Object Repository/OrangeHRM_OR/Page_OHRM_Admin/input_Username'

09-02-2024T01:08:55 - [TEST_STEP][PASSED] - setText(findTestObject("OrangeHRM_OR/Page_OHRM_Admin/input_Username"), emp_username): Text 'kendall.schowalter' is set on object 'Object Repository/OrangeHRM_OR/Page_OHRM_Admin/input_Username'

09-02-2024T01:08:56 - [MESSAGE][PASSED] - Text 'kendall.schowalter' is set on object 'Object Repository/OrangeHRM_OR/Page_OHRM_Admin/input_Username'

09-02-2024T01:08:56 - [TEST_STEP][PASSED] - if (emp_role.equals("Admin")): null

09-02-2024T01:08:56 - [TEST_STEP][PASSED] - else if (emp_role.equals("ESS")): Object: 'Object Repository/OrangeHRM_OR/Page_OHRM_Admin/div_ESS_option_user_role' is clicked on

09-02-2024T01:08:56 - [TEST_STEP][PASSED] - click(findTestObject("OrangeHRM_OR/Page_OHRM_Admin/i_dropdown_button_user_role")): Object: 'Object Repository/OrangeHRM_OR/Page_OHRM_Admin/i_dropdown_button_user_role' is clicked on

09-02-2024T01:08:57 - [MESSAGE][PASSED] - Object: 'Object Repository/OrangeHRM_OR/Page_OHRM_Admin/i_dropdown_button_user_role' is clicked on

09-02-2024T01:08:57 - [TEST_STEP][PASSED] - click(findTestObject("Object Repository/OrangeHRM_OR/Page_OHRM_Admin/div_ESS_option_user_role")): Object: 'Object Repository/OrangeHRM_OR/Page_OHRM_Admin/div_ESS_option_user_role' is clicked on

09-02-2024T01:08:57 - [MESSAGE][PASSED] - Object: 'Object Repository/OrangeHRM_OR/Page_OHRM_Admin/div_ESS_option_user_role' is clicked on

09-02-2024T01:08:57 - [TEST_STEP][PASSED] - if (!(emp_name.equals(""))): null

09-02-2024T01:08:57 - [TEST_STEP][PASSED] - if (emp_status.equals("Enabled")): Object: 'Object Repository/OrangeHRM_OR/Page_OHRM_Admin/div_Enabled_option_status' is clicked on

09-02-2024T01:08:57 - [TEST_STEP][PASSED] - click(findTestObject("OrangeHRM_OR/Page_OHRM_Admin/i_dropdown_button_status")): Object: 'Object Repository/OrangeHRM_OR/Page_OHRM_Admin/i_dropdown_button_status' is clicked on

09-02-2024T01:08:58 - [MESSAGE][PASSED] - Object: 'Object Repository/OrangeHRM_OR/Page_OHRM_Admin/i_dropdown_button_status' is clicked on

09-02-2024T01:08:58 - [TEST_STEP][PASSED] - click(findTestObject("OrangeHRM_OR/Page_OHRM_Admin/div_Enabled_option_status")): Object: 'Object Repository/OrangeHRM_OR/Page_OHRM_Admin/div_Enabled_option_status' is clicked on

09-02-2024T01:08:58 - [MESSAGE][PASSED] - Object: 'Object Repository/OrangeHRM_OR/Page_OHRM_Admin/div_Enabled_option_status' is clicked on

09-02-2024T01:08:58 - [TEST_STEP][PASSED] - click(findTestObject("OrangeHRM_OR/Page_OHRM_Admin/button_Search")): Object: 'Object Repository/OrangeHRM_OR/Page_OHRM_Admin/button_Search' is clicked on

09-02-2024T01:08:58 - [MESSAGE][PASSED] - Object: 'Object Repository/OrangeHRM_OR/Page_OHRM_Admin/button_Search' is clicked on

09-02-2024T01:08:58 - [TEST_STEP][PASSED] - verifyTextPresent(validation_text, false): Text 'Rodney Hahn' is present on page 

09-02-2024T01:08:59 - [MESSAGE][PASSED] - Text 'Rodney Hahn' is present on page 

09-02-2024T01:08:59 - [TEST_STEP][PASSED] - delay(2): Delayed 2 second(s)

09-02-2024T01:09:01 - [MESSAGE][PASSED] - Delayed 2 second(s)

09-02-2024T01:09:01 - [TEST_STEP][PASSED] - Start listener action : sampleAfterTestCase: null

09-02-2024T01:09:01 - [TEST_STEP][PASSED] - if (verifyElementVisible(findTestObject("Object Repository/OrangeHRM_OR/Page_OHRM_Dashboard/span_profile_button"), OPTIONAL)): null

09-02-2024T01:09:02 - [MESSAGE][PASSED] - Object 'Object Repository/OrangeHRM_OR/Page_OHRM_Dashboard/span_profile_button' is visible

09-02-2024T01:09:02 - [TEST_STEP][PASSED] - click(findTestObject("Object Repository/OrangeHRM_OR/Page_OHRM_Dashboard/span_profile_button")): Object: 'Object Repository/OrangeHRM_OR/Page_OHRM_Dashboard/span_profile_button' is clicked on

09-02-2024T01:09:02 - [MESSAGE][PASSED] - Object: 'Object Repository/OrangeHRM_OR/Page_OHRM_Dashboard/span_profile_button' is clicked on

09-02-2024T01:09:02 - [TEST_STEP][PASSED] - click(findTestObject("Object Repository/OrangeHRM_OR/Page_OHRM_Dashboard/a_Logout")): Object: 'Object Repository/OrangeHRM_OR/Page_OHRM_Dashboard/a_Logout' is clicked on

09-02-2024T01:09:03 - [MESSAGE][PASSED] - Object: 'Object Repository/OrangeHRM_OR/Page_OHRM_Dashboard/a_Logout' is clicked on]]></system-out>
         <system-err><![CDATA[]]></system-err>
      </testcase>
      <testcase name="Test Cases/Data Driven Testing/TC_Validate OHRM Admin_employee search_001" time="13.072" classname="Test Cases/Data Driven Testing/TC_Validate OHRM Admin_employee search_001" status="PASSED">
         <system-out><![CDATA[09-02-2024T01:09:03 - [TEST_CASE][PASSED] - Test Cases/Data Driven Testing/TC_Validate OHRM Admin_employee search_001: Test Cases/Data Driven Testing/TC_Validate OHRM Admin_employee search_001

09-02-2024T01:09:03 - [TEST_STEP][PASSED] - Start listener action : sampleBeforeTestCase: Navigate to 'https://opensource-demo.orangehrmlive.com/' successfully

09-02-2024T01:09:03 - [TEST_STEP][PASSED] - navigateToUrl(URL): Navigate to 'https://opensource-demo.orangehrmlive.com/' successfully

09-02-2024T01:09:03 - [MESSAGE][PASSED] - Navigate to 'https://opensource-demo.orangehrmlive.com/' successfully

09-02-2024T01:09:03 - [TEST_STEP][PASSED] - callTestCase(findTestCase("Jenkins Integration/TC_Validate OHRM Login_Login Success_001"), ["url":"", "username":"", "password":""], CONTINUE_ON_FAILURE): Call Test Case 'Test Cases/Jenkins Integration/TC_Validate OHRM Login_Login Success_001' successfully

09-02-2024T01:09:03 - [TEST_CASE][PASSED] - Test Cases/Jenkins Integration/TC_Validate OHRM Login_Login Success_001: Test Cases/Jenkins Integration/TC_Validate OHRM Login_Login Success_001

09-02-2024T01:09:03 - [TEST_STEP][PASSED] - comment("To test for successful Login"): To test for successful Login

09-02-2024T01:09:03 - [MESSAGE][INFO] - To test for successful Login

09-02-2024T01:09:03 - [TEST_STEP][PASSED] - setText(findTestObject("OrangeHRM_OR/Page_OHRM_Login/input_Username_username"), Username): Text 'Admin' is set on object 'Object Repository/OrangeHRM_OR/Page_OHRM_Login/input_Username_username'

09-02-2024T01:09:04 - [MESSAGE][PASSED] - Text 'Admin' is set on object 'Object Repository/OrangeHRM_OR/Page_OHRM_Login/input_Username_username'

09-02-2024T01:09:04 - [TEST_STEP][PASSED] - setText(findTestObject("OrangeHRM_OR/Page_OHRM_Login/input_Password_password"), Password): Text 'admin123' is set on object 'Object Repository/OrangeHRM_OR/Page_OHRM_Login/input_Password_password'

09-02-2024T01:09:05 - [MESSAGE][PASSED] - Text 'admin123' is set on object 'Object Repository/OrangeHRM_OR/Page_OHRM_Login/input_Password_password'

09-02-2024T01:09:05 - [TEST_STEP][PASSED] - click(findTestObject("OrangeHRM_OR/Page_OHRM_Login/button_Login")): Object: 'Object Repository/OrangeHRM_OR/Page_OHRM_Login/button_Login' is clicked on

09-02-2024T01:09:05 - [MESSAGE][PASSED] - Object: 'Object Repository/OrangeHRM_OR/Page_OHRM_Login/button_Login' is clicked on

09-02-2024T01:09:05 - [TEST_STEP][PASSED] - verifyElementVisible(findTestObject("OrangeHRM_OR/Page_OHRM_Dashboard/h6_Dashboard")): Object 'Object Repository/OrangeHRM_OR/Page_OHRM_Dashboard/h6_Dashboard' is visible

09-02-2024T01:09:08 - [MESSAGE][PASSED] - Object 'Object Repository/OrangeHRM_OR/Page_OHRM_Dashboard/h6_Dashboard' is visible

09-02-2024T01:09:08 - [MESSAGE][PASSED] - Call Test Case 'Test Cases/Jenkins Integration/TC_Validate OHRM Login_Login Success_001' successfully

09-02-2024T01:09:08 - [TEST_STEP][PASSED] - click(findTestObject("OrangeHRM_OR/Page_OHRM_Admin/a_Admin_navigation_link")): Object: 'Object Repository/OrangeHRM_OR/Page_OHRM_Admin/a_Admin_navigation_link' is clicked on

09-02-2024T01:09:09 - [MESSAGE][PASSED] - Object: 'Object Repository/OrangeHRM_OR/Page_OHRM_Admin/a_Admin_navigation_link' is clicked on

09-02-2024T01:09:09 - [TEST_STEP][PASSED] - if (!(emp_username.equals(""))): Text 'Peter.Anderson' is set on object 'Object Repository/OrangeHRM_OR/Page_OHRM_Admin/input_Username'

09-02-2024T01:09:09 - [TEST_STEP][PASSED] - setText(findTestObject("OrangeHRM_OR/Page_OHRM_Admin/input_Username"), emp_username): Text 'Peter.Anderson' is set on object 'Object Repository/OrangeHRM_OR/Page_OHRM_Admin/input_Username'

09-02-2024T01:09:10 - [MESSAGE][PASSED] - Text 'Peter.Anderson' is set on object 'Object Repository/OrangeHRM_OR/Page_OHRM_Admin/input_Username'

09-02-2024T01:09:10 - [TEST_STEP][PASSED] - if (emp_role.equals("Admin")): Object: 'Object Repository/OrangeHRM_OR/Page_OHRM_Admin/div_Admin_option_user_role' is clicked on

09-02-2024T01:09:10 - [TEST_STEP][PASSED] - click(findTestObject("OrangeHRM_OR/Page_OHRM_Admin/i_dropdown_button_user_role")): Object: 'Object Repository/OrangeHRM_OR/Page_OHRM_Admin/i_dropdown_button_user_role' is clicked on

09-02-2024T01:09:10 - [MESSAGE][PASSED] - Object: 'Object Repository/OrangeHRM_OR/Page_OHRM_Admin/i_dropdown_button_user_role' is clicked on

09-02-2024T01:09:10 - [TEST_STEP][PASSED] - click(findTestObject("OrangeHRM_OR/Page_OHRM_Admin/div_Admin_option_user_role")): Object: 'Object Repository/OrangeHRM_OR/Page_OHRM_Admin/div_Admin_option_user_role' is clicked on

09-02-2024T01:09:11 - [MESSAGE][PASSED] - Object: 'Object Repository/OrangeHRM_OR/Page_OHRM_Admin/div_Admin_option_user_role' is clicked on

09-02-2024T01:09:11 - [TEST_STEP][PASSED] - if (!(emp_name.equals(""))): null

09-02-2024T01:09:11 - [TEST_STEP][PASSED] - if (emp_status.equals("Enabled")): null

09-02-2024T01:09:11 - [TEST_STEP][PASSED] - click(findTestObject("OrangeHRM_OR/Page_OHRM_Admin/button_Search")): Object: 'Object Repository/OrangeHRM_OR/Page_OHRM_Admin/button_Search' is clicked on

09-02-2024T01:09:11 - [MESSAGE][PASSED] - Object: 'Object Repository/OrangeHRM_OR/Page_OHRM_Admin/button_Search' is clicked on

09-02-2024T01:09:11 - [TEST_STEP][PASSED] - verifyTextPresent(validation_text, false): Text 'Peter Anderson' is present on page 

09-02-2024T01:09:12 - [MESSAGE][PASSED] - Text 'Peter Anderson' is present on page 

09-02-2024T01:09:12 - [TEST_STEP][PASSED] - delay(2): Delayed 2 second(s)

09-02-2024T01:09:14 - [MESSAGE][PASSED] - Delayed 2 second(s)

09-02-2024T01:09:14 - [TEST_STEP][PASSED] - Start listener action : sampleAfterTestCase: null

09-02-2024T01:09:14 - [TEST_STEP][PASSED] - if (verifyElementVisible(findTestObject("Object Repository/OrangeHRM_OR/Page_OHRM_Dashboard/span_profile_button"), OPTIONAL)): null

09-02-2024T01:09:14 - [MESSAGE][PASSED] - Object 'Object Repository/OrangeHRM_OR/Page_OHRM_Dashboard/span_profile_button' is visible

09-02-2024T01:09:14 - [TEST_STEP][PASSED] - click(findTestObject("Object Repository/OrangeHRM_OR/Page_OHRM_Dashboard/span_profile_button")): Object: 'Object Repository/OrangeHRM_OR/Page_OHRM_Dashboard/span_profile_button' is clicked on

09-02-2024T01:09:15 - [MESSAGE][PASSED] - Object: 'Object Repository/OrangeHRM_OR/Page_OHRM_Dashboard/span_profile_button' is clicked on

09-02-2024T01:09:15 - [TEST_STEP][PASSED] - click(findTestObject("Object Repository/OrangeHRM_OR/Page_OHRM_Dashboard/a_Logout")): Object: 'Object Repository/OrangeHRM_OR/Page_OHRM_Dashboard/a_Logout' is clicked on

09-02-2024T01:09:16 - [MESSAGE][PASSED] - Object: 'Object Repository/OrangeHRM_OR/Page_OHRM_Dashboard/a_Logout' is clicked on]]></system-out>
         <system-err><![CDATA[]]></system-err>
      </testcase>
      <testcase name="Test Cases/Data Driven Testing/TC_Validate OHRM Admin_employee search_001" time="18.996" classname="Test Cases/Data Driven Testing/TC_Validate OHRM Admin_employee search_001" status="PASSED">
         <system-out><![CDATA[09-02-2024T01:09:16 - [TEST_CASE][PASSED] - Test Cases/Data Driven Testing/TC_Validate OHRM Admin_employee search_001: Test Cases/Data Driven Testing/TC_Validate OHRM Admin_employee search_001

09-02-2024T01:09:16 - [TEST_STEP][PASSED] - Start listener action : sampleBeforeTestCase: Navigate to 'https://opensource-demo.orangehrmlive.com/' successfully

09-02-2024T01:09:16 - [TEST_STEP][PASSED] - navigateToUrl(URL): Navigate to 'https://opensource-demo.orangehrmlive.com/' successfully

09-02-2024T01:09:16 - [MESSAGE][PASSED] - Navigate to 'https://opensource-demo.orangehrmlive.com/' successfully

09-02-2024T01:09:16 - [TEST_STEP][PASSED] - callTestCase(findTestCase("Jenkins Integration/TC_Validate OHRM Login_Login Success_001"), ["url":"", "username":"", "password":""], CONTINUE_ON_FAILURE): Call Test Case 'Test Cases/Jenkins Integration/TC_Validate OHRM Login_Login Success_001' successfully

09-02-2024T01:09:17 - [TEST_CASE][PASSED] - Test Cases/Jenkins Integration/TC_Validate OHRM Login_Login Success_001: Test Cases/Jenkins Integration/TC_Validate OHRM Login_Login Success_001

09-02-2024T01:09:17 - [TEST_STEP][PASSED] - comment("To test for successful Login"): To test for successful Login

09-02-2024T01:09:17 - [MESSAGE][INFO] - To test for successful Login

09-02-2024T01:09:17 - [TEST_STEP][PASSED] - setText(findTestObject("OrangeHRM_OR/Page_OHRM_Login/input_Username_username"), Username): Text 'Admin' is set on object 'Object Repository/OrangeHRM_OR/Page_OHRM_Login/input_Username_username'

09-02-2024T01:09:17 - [MESSAGE][PASSED] - Text 'Admin' is set on object 'Object Repository/OrangeHRM_OR/Page_OHRM_Login/input_Username_username'

09-02-2024T01:09:17 - [TEST_STEP][PASSED] - setText(findTestObject("OrangeHRM_OR/Page_OHRM_Login/input_Password_password"), Password): Text 'admin123' is set on object 'Object Repository/OrangeHRM_OR/Page_OHRM_Login/input_Password_password'

09-02-2024T01:09:18 - [MESSAGE][PASSED] - Text 'admin123' is set on object 'Object Repository/OrangeHRM_OR/Page_OHRM_Login/input_Password_password'

09-02-2024T01:09:18 - [TEST_STEP][PASSED] - click(findTestObject("OrangeHRM_OR/Page_OHRM_Login/button_Login")): Object: 'Object Repository/OrangeHRM_OR/Page_OHRM_Login/button_Login' is clicked on

09-02-2024T01:09:18 - [MESSAGE][PASSED] - Object: 'Object Repository/OrangeHRM_OR/Page_OHRM_Login/button_Login' is clicked on

09-02-2024T01:09:18 - [TEST_STEP][PASSED] - verifyElementVisible(findTestObject("OrangeHRM_OR/Page_OHRM_Dashboard/h6_Dashboard")): Object 'Object Repository/OrangeHRM_OR/Page_OHRM_Dashboard/h6_Dashboard' is visible

09-02-2024T01:09:21 - [MESSAGE][PASSED] - Object 'Object Repository/OrangeHRM_OR/Page_OHRM_Dashboard/h6_Dashboard' is visible

09-02-2024T01:09:21 - [MESSAGE][PASSED] - Call Test Case 'Test Cases/Jenkins Integration/TC_Validate OHRM Login_Login Success_001' successfully

09-02-2024T01:09:21 - [TEST_STEP][PASSED] - click(findTestObject("OrangeHRM_OR/Page_OHRM_Admin/a_Admin_navigation_link")): Object: 'Object Repository/OrangeHRM_OR/Page_OHRM_Admin/a_Admin_navigation_link' is clicked on

09-02-2024T01:09:22 - [MESSAGE][PASSED] - Object: 'Object Repository/OrangeHRM_OR/Page_OHRM_Admin/a_Admin_navigation_link' is clicked on

09-02-2024T01:09:22 - [TEST_STEP][PASSED] - if (!(emp_username.equals(""))): Text 'Rebecca.Harmony' is set on object 'Object Repository/OrangeHRM_OR/Page_OHRM_Admin/input_Username'

09-02-2024T01:09:22 - [TEST_STEP][PASSED] - setText(findTestObject("OrangeHRM_OR/Page_OHRM_Admin/input_Username"), emp_username): Text 'Rebecca.Harmony' is set on object 'Object Repository/OrangeHRM_OR/Page_OHRM_Admin/input_Username'

09-02-2024T01:09:23 - [MESSAGE][PASSED] - Text 'Rebecca.Harmony' is set on object 'Object Repository/OrangeHRM_OR/Page_OHRM_Admin/input_Username'

09-02-2024T01:09:23 - [TEST_STEP][PASSED] - if (emp_role.equals("Admin")): null

09-02-2024T01:09:23 - [TEST_STEP][PASSED] - else if (emp_role.equals("ESS")): Object: 'Object Repository/OrangeHRM_OR/Page_OHRM_Admin/div_ESS_option_user_role' is clicked on

09-02-2024T01:09:23 - [TEST_STEP][PASSED] - click(findTestObject("OrangeHRM_OR/Page_OHRM_Admin/i_dropdown_button_user_role")): Object: 'Object Repository/OrangeHRM_OR/Page_OHRM_Admin/i_dropdown_button_user_role' is clicked on

09-02-2024T01:09:24 - [MESSAGE][PASSED] - Object: 'Object Repository/OrangeHRM_OR/Page_OHRM_Admin/i_dropdown_button_user_role' is clicked on

09-02-2024T01:09:24 - [TEST_STEP][PASSED] - click(findTestObject("Object Repository/OrangeHRM_OR/Page_OHRM_Admin/div_ESS_option_user_role")): Object: 'Object Repository/OrangeHRM_OR/Page_OHRM_Admin/div_ESS_option_user_role' is clicked on

09-02-2024T01:09:24 - [MESSAGE][PASSED] - Object: 'Object Repository/OrangeHRM_OR/Page_OHRM_Admin/div_ESS_option_user_role' is clicked on

09-02-2024T01:09:24 - [TEST_STEP][PASSED] - if (!(emp_name.equals(""))): Object: 'Object Repository/OrangeHRM_OR/Page_OHRM_Admin/div_employee_name_option' is clicked on

09-02-2024T01:09:24 - [TEST_STEP][PASSED] - setText(findTestObject("OrangeHRM_OR/Page_OHRM_Admin/input_employee_name"), emp_name): Text 'Rebecca Harmony' is set on object 'Object Repository/OrangeHRM_OR/Page_OHRM_Admin/input_employee_name'

09-02-2024T01:09:25 - [MESSAGE][PASSED] - Text 'Rebecca Harmony' is set on object 'Object Repository/OrangeHRM_OR/Page_OHRM_Admin/input_employee_name'

09-02-2024T01:09:25 - [TEST_STEP][PASSED] - delay(5): Delayed 5 second(s)

09-02-2024T01:09:30 - [MESSAGE][PASSED] - Delayed 5 second(s)

09-02-2024T01:09:30 - [TEST_STEP][PASSED] - click(findTestObject("OrangeHRM_OR/Page_OHRM_Admin/div_employee_name_option")): Object: 'Object Repository/OrangeHRM_OR/Page_OHRM_Admin/div_employee_name_option' is clicked on

09-02-2024T01:09:30 - [MESSAGE][PASSED] - Object: 'Object Repository/OrangeHRM_OR/Page_OHRM_Admin/div_employee_name_option' is clicked on

09-02-2024T01:09:30 - [TEST_STEP][PASSED] - if (emp_status.equals("Enabled")): null

09-02-2024T01:09:30 - [TEST_STEP][PASSED] - click(findTestObject("OrangeHRM_OR/Page_OHRM_Admin/button_Search")): Object: 'Object Repository/OrangeHRM_OR/Page_OHRM_Admin/button_Search' is clicked on

09-02-2024T01:09:31 - [MESSAGE][PASSED] - Object: 'Object Repository/OrangeHRM_OR/Page_OHRM_Admin/button_Search' is clicked on

09-02-2024T01:09:31 - [TEST_STEP][PASSED] - verifyTextPresent(validation_text, false): Text 'Rebecca Harmony' is present on page 

09-02-2024T01:09:31 - [MESSAGE][PASSED] - Text 'Rebecca Harmony' is present on page 

09-02-2024T01:09:31 - [TEST_STEP][PASSED] - delay(2): Delayed 2 second(s)

09-02-2024T01:09:33 - [MESSAGE][PASSED] - Delayed 2 second(s)

09-02-2024T01:09:33 - [TEST_STEP][PASSED] - Start listener action : sampleAfterTestCase: null

09-02-2024T01:09:33 - [TEST_STEP][PASSED] - if (verifyElementVisible(findTestObject("Object Repository/OrangeHRM_OR/Page_OHRM_Dashboard/span_profile_button"), OPTIONAL)): null

09-02-2024T01:09:34 - [MESSAGE][PASSED] - Object 'Object Repository/OrangeHRM_OR/Page_OHRM_Dashboard/span_profile_button' is visible

09-02-2024T01:09:34 - [TEST_STEP][PASSED] - click(findTestObject("Object Repository/OrangeHRM_OR/Page_OHRM_Dashboard/span_profile_button")): Object: 'Object Repository/OrangeHRM_OR/Page_OHRM_Dashboard/span_profile_button' is clicked on

09-02-2024T01:09:34 - [MESSAGE][PASSED] - Object: 'Object Repository/OrangeHRM_OR/Page_OHRM_Dashboard/span_profile_button' is clicked on

09-02-2024T01:09:34 - [TEST_STEP][PASSED] - click(findTestObject("Object Repository/OrangeHRM_OR/Page_OHRM_Dashboard/a_Logout")): Object: 'Object Repository/OrangeHRM_OR/Page_OHRM_Dashboard/a_Logout' is clicked on

09-02-2024T01:09:35 - [MESSAGE][PASSED] - Object: 'Object Repository/OrangeHRM_OR/Page_OHRM_Dashboard/a_Logout' is clicked on]]></system-out>
         <system-err><![CDATA[]]></system-err>
      </testcase>
      <system-out><![CDATA[09-02-2024T01:07:39 - [TEST_SUITE][PASSED] - Validate OHRM Admin_Employee Search_TestSuite: Test Cases/Data Driven Testing/TC_Validate OHRM Admin_employee search_001]]></system-out>
      <system-err><![CDATA[]]></system-err>
   </testsuite>
</testsuites>
