<?xml version="1.0" encoding="UTF-8"?>
<testsuites name="Validate OHRM Navigation_TestSuite" time="20.417" tests="1" failures="0" errors="0">
   <testsuite name="Validate OHRM Navigation_TestSuite" tests="1" failures="0" errors="0" time="20.417" skipped="0" timestamp="07-02-2024T00:16:22" hostname="Shahbaaz - DESKTOP-69BDL2N" id="Test Suites/Built in Keywords/Validate OHRM Navigation_TestSuite">
      <properties>
         <property name="deviceName" value=""/>
         <property name="devicePlatform" value=""/>
         <property name="logFolder" value="C:\\Users\\Shahbaaz\\git\\SI-GuidedProject-705570-1704892459\\Reports\\20240207_001619\\Built in Keywords\\Validate OHRM Navigation_TestSuite\\20240207_001620"/>
         <property name="logFiles" value="C:\\Users\\Shahbaaz\\git\\SI-GuidedProject-705570-1704892459\\Reports\\20240207_001619\\Built in Keywords\\Validate OHRM Navigation_TestSuite\\20240207_001620\\execution0.log"/>
         <property name="attachments" value=""/>
         <property name="hostName" value="Shahbaaz - DESKTOP-69BDL2N"/>
         <property name="os" value="Windows 10 64bit"/>
         <property name="katalonVersion" value="9.2.0.212"/>
         <property name="browser" value="Chrome 121.0.0.0"/>
         <property name="hostAddress" value="192.168.29.167"/>
         <property name="sessionId" value="0ebb887b0d071d62d321f539cef2d0cc"/>
         <property name="seleniumVersion" value="3.141.59"/>
         <property name="proxyInformation" value="ProxyInformation { proxyOption=NO_PROXY, proxyServerType=HTTP, username=, password=********, proxyServerAddress=, proxyServerPort=0, executionList=&quot;&quot;, isApplyToDesiredCapabilities=true }"/>
         <property name="platform" value="Windows 10"/>
      </properties>
      <testcase name="Test Cases/Built In Keywords/TC_Validate OHRM Navigation_001" time="19.126" classname="Test Cases/Built In Keywords/TC_Validate OHRM Navigation_001" status="PASSED">
         <system-out><![CDATA[07-02-2024T00:16:23 - [TEST_CASE][PASSED] - Test Cases/Built In Keywords/TC_Validate OHRM Navigation_001: Test Cases/Built In Keywords/TC_Validate OHRM Navigation_001

07-02-2024T00:16:23 - [TEST_STEP][PASSED] - Start listener action : sampleBeforeTestCase: Navigate to 'https://opensource-demo.orangehrmlive.com/' successfully

07-02-2024T00:16:23 - [TEST_STEP][PASSED] - navigateToUrl(URL): Navigate to 'https://opensource-demo.orangehrmlive.com/' successfully

07-02-2024T00:16:26 - [MESSAGE][PASSED] - Navigate to 'https://opensource-demo.orangehrmlive.com/' successfully

07-02-2024T00:16:26 - [TEST_STEP][PASSED] - callTestCase(findTestCase("Local and Global Variables/TC_Validate OHRM Login_Login Success_001"), ["url":"", "username":"", "password":""], CONTINUE_ON_FAILURE): Call Test Case 'Test Cases/Local and Global Variables/TC_Validate OHRM Login_Login Success_001' successfully

07-02-2024T00:16:26 - [TEST_CASE][PASSED] - Test Cases/Local and Global Variables/TC_Validate OHRM Login_Login Success_001: Test Cases/Local and Global Variables/TC_Validate OHRM Login_Login Success_001

07-02-2024T00:16:26 - [TEST_STEP][PASSED] - comment("To test for successful Login"): To test for successful Login

07-02-2024T00:16:26 - [MESSAGE][INFO] - To test for successful Login

07-02-2024T00:16:26 - [TEST_STEP][PASSED] - setText(findTestObject("OrangeHRM_OR/Page_OHRM_Login/input_Username_username"), Username): Text 'Admin' is set on object 'Object Repository/OrangeHRM_OR/Page_OHRM_Login/input_Username_username'

07-02-2024T00:16:27 - [MESSAGE][PASSED] - Text 'Admin' is set on object 'Object Repository/OrangeHRM_OR/Page_OHRM_Login/input_Username_username'

07-02-2024T00:16:27 - [TEST_STEP][PASSED] - setText(findTestObject("OrangeHRM_OR/Page_OHRM_Login/input_Password_password"), Password): Text 'admin123' is set on object 'Object Repository/OrangeHRM_OR/Page_OHRM_Login/input_Password_password'

07-02-2024T00:16:27 - [MESSAGE][PASSED] - Text 'admin123' is set on object 'Object Repository/OrangeHRM_OR/Page_OHRM_Login/input_Password_password'

07-02-2024T00:16:27 - [TEST_STEP][PASSED] - click(findTestObject("OrangeHRM_OR/Page_OHRM_Login/button_Login")): Object: 'Object Repository/OrangeHRM_OR/Page_OHRM_Login/button_Login' is clicked on

07-02-2024T00:16:28 - [MESSAGE][PASSED] - Object: 'Object Repository/OrangeHRM_OR/Page_OHRM_Login/button_Login' is clicked on

07-02-2024T00:16:28 - [TEST_STEP][PASSED] - verifyElementVisible(findTestObject("OrangeHRM_OR/Page_OHRM_Dashboard/h6_Dashboard")): Object 'Object Repository/OrangeHRM_OR/Page_OHRM_Dashboard/h6_Dashboard' is visible

07-02-2024T00:16:30 - [MESSAGE][PASSED] - Object 'Object Repository/OrangeHRM_OR/Page_OHRM_Dashboard/h6_Dashboard' is visible

07-02-2024T00:16:30 - [MESSAGE][PASSED] - Call Test Case 'Test Cases/Local and Global Variables/TC_Validate OHRM Login_Login Success_001' successfully

07-02-2024T00:16:30 - [TEST_STEP][PASSED] - click(findTestObject("OrangeHRM_OR/Page_OHRM_Admin/a_Admin_navigation_link")): Object: 'Object Repository/OrangeHRM_OR/Page_OHRM_Admin/a_Admin_navigation_link' is clicked on

07-02-2024T00:16:32 - [MESSAGE][PASSED] - Object: 'Object Repository/OrangeHRM_OR/Page_OHRM_Admin/a_Admin_navigation_link' is clicked on

07-02-2024T00:16:32 - [TEST_STEP][PASSED] - delay(2): Delayed 2 second(s)

07-02-2024T00:16:34 - [MESSAGE][PASSED] - Delayed 2 second(s)

07-02-2024T00:16:34 - [TEST_STEP][PASSED] - click(findTestObject("OrangeHRM_OR/Page_OHRM_PIM/a_PIM")): Object: 'Object Repository/OrangeHRM_OR/Page_OHRM_PIM/a_PIM' is clicked on

07-02-2024T00:16:35 - [MESSAGE][PASSED] - Object: 'Object Repository/OrangeHRM_OR/Page_OHRM_PIM/a_PIM' is clicked on

07-02-2024T00:16:35 - [TEST_STEP][PASSED] - delay(2): Delayed 2 second(s)

07-02-2024T00:16:37 - [MESSAGE][PASSED] - Delayed 2 second(s)

07-02-2024T00:16:37 - [TEST_STEP][PASSED] - back(): Navigate back successfully

07-02-2024T00:16:37 - [MESSAGE][PASSED] - Navigate back successfully

07-02-2024T00:16:37 - [TEST_STEP][PASSED] - delay(2): Delayed 2 second(s)

07-02-2024T00:16:39 - [MESSAGE][PASSED] - Delayed 2 second(s)

07-02-2024T00:16:39 - [TEST_STEP][PASSED] - forward(): Navigate forward successfully

07-02-2024T00:16:39 - [MESSAGE][PASSED] - Navigate forward successfully

07-02-2024T00:16:39 - [TEST_STEP][PASSED] - delay(2): Delayed 2 second(s)

07-02-2024T00:16:41 - [MESSAGE][PASSED] - Delayed 2 second(s)

07-02-2024T00:16:41 - [TEST_STEP][PASSED] - Start listener action : sampleAfterTestCase: null

07-02-2024T00:16:41 - [TEST_STEP][PASSED] - if (verifyElementVisible(findTestObject("Object Repository/OrangeHRM_OR/Page_OHRM_Dashboard/span_profile_button"), OPTIONAL)): null

07-02-2024T00:16:41 - [MESSAGE][PASSED] - Object 'Object Repository/OrangeHRM_OR/Page_OHRM_Dashboard/span_profile_button' is visible

07-02-2024T00:16:41 - [TEST_STEP][PASSED] - click(findTestObject("Object Repository/OrangeHRM_OR/Page_OHRM_Dashboard/span_profile_button")): Object: 'Object Repository/OrangeHRM_OR/Page_OHRM_Dashboard/span_profile_button' is clicked on

07-02-2024T00:16:41 - [MESSAGE][PASSED] - Object: 'Object Repository/OrangeHRM_OR/Page_OHRM_Dashboard/span_profile_button' is clicked on

07-02-2024T00:16:41 - [TEST_STEP][PASSED] - click(findTestObject("Object Repository/OrangeHRM_OR/Page_OHRM_Dashboard/a_Logout")): Object: 'Object Repository/OrangeHRM_OR/Page_OHRM_Dashboard/a_Logout' is clicked on

07-02-2024T00:16:42 - [MESSAGE][PASSED] - Object: 'Object Repository/OrangeHRM_OR/Page_OHRM_Dashboard/a_Logout' is clicked on]]></system-out>
         <system-err><![CDATA[]]></system-err>
      </testcase>
      <system-out><![CDATA[07-02-2024T00:16:22 - [TEST_SUITE][PASSED] - Validate OHRM Navigation_TestSuite: Test Cases/Built In Keywords/TC_Validate OHRM Navigation_001]]></system-out>
      <system-err><![CDATA[]]></system-err>
   </testsuite>
</testsuites>
